C000  4C F5 C5  JMP   A:00 X:00 Y:00 P:24 SP:FD CYC:  0 SL:241
C5F5  A2 00     LDX   A:00 X:00 Y:00 P:24 SP:FD CYC:  9 SL:241
C5F7  86 00     STX   A:00 X:00 Y:00 P:26 SP:FD CYC: 15 SL:241
C5F9  86 10     STX   A:00 X:00 Y:00 P:26 SP:FD CYC: 24 SL:241
C5FB  86 11     STX   A:00 X:00 Y:00 P:26 SP:FD CYC: 33 SL:241
C5FD  20 2D C7  JSR   A:00 X:00 Y:00 P:26 SP:FD CYC: 42 SL:241
C72D  EA        NOP   A:00 X:00 Y:00 P:26 SP:FB CYC: 60 SL:241
C72E  38        SEC   A:00 X:00 Y:00 P:26 SP:FB CYC: 66 SL:241
C72F  B0 04     BCS   A:00 X:00 Y:00 P:27 SP:FB CYC: 72 SL:241
C735  EA        NOP   A:00 X:00 Y:00 P:27 SP:FB CYC: 81 SL:241
C736  18        CLC   A:00 X:00 Y:00 P:27 SP:FB CYC: 87 SL:241
C737  B0 03     BCS   A:00 X:00 Y:00 P:26 SP:FB CYC: 93 SL:241
C739  4C 40 C7  JMP   A:00 X:00 Y:00 P:26 SP:FB CYC: 99 SL:241
C740  EA        NOP   A:00 X:00 Y:00 P:26 SP:FB CYC:108 SL:241
C741  38        SEC   A:00 X:00 Y:00 P:26 SP:FB CYC:114 SL:241
C742  90 03     BCC   A:00 X:00 Y:00 P:27 SP:FB CYC:120 SL:241
C744  4C 4B C7  JMP   A:00 X:00 Y:00 P:27 SP:FB CYC:126 SL:241
C74B  EA        NOP   A:00 X:00 Y:00 P:27 SP:FB CYC:135 SL:241
C74C  18        CLC   A:00 X:00 Y:00 P:27 SP:FB CYC:141 SL:241
C74D  90 04     BCC   A:00 X:00 Y:00 P:26 SP:FB CYC:147 SL:241
C753  EA        NOP   A:00 X:00 Y:00 P:26 SP:FB CYC:156 SL:241
C754  A9 00     LDA   A:00 X:00 Y:00 P:26 SP:FB CYC:162 SL:241
C756  F0 04     BEQ   A:00 X:00 Y:00 P:26 SP:FB CYC:168 SL:241
C75C  EA        NOP   A:00 X:00 Y:00 P:26 SP:FB CYC:177 SL:241
C75D  A9 40     LDA   A:00 X:00 Y:00 P:26 SP:FB CYC:183 SL:241
C75F  F0 03     BEQ   A:40 X:00 Y:00 P:24 SP:FB CYC:189 SL:241
C761  4C 68 C7  JMP   A:40 X:00 Y:00 P:24 SP:FB CYC:195 SL:241
C768  EA        NOP   A:40 X:00 Y:00 P:24 SP:FB CYC:204 SL:241
C769  A9 40     LDA   A:40 X:00 Y:00 P:24 SP:FB CYC:210 SL:241
C76B  D0 04     BNE   A:40 X:00 Y:00 P:24 SP:FB CYC:216 SL:241
C771  EA        NOP   A:40 X:00 Y:00 P:24 SP:FB CYC:225 SL:241
C772  A9 00     LDA   A:40 X:00 Y:00 P:24 SP:FB CYC:231 SL:241
C774  D0 03     BNE   A:00 X:00 Y:00 P:26 SP:FB CYC:237 SL:241
C776  4C 7D C7  JMP   A:00 X:00 Y:00 P:26 SP:FB CYC:243 SL:241
C77D  EA        NOP   A:00 X:00 Y:00 P:26 SP:FB CYC:252 SL:241
C77E  A9 FF     LDA   A:00 X:00 Y:00 P:26 SP:FB CYC:258 SL:241
C780  85 01     STA   A:FF X:00 Y:00 P:A4 SP:FB CYC:264 SL:241
C782  24 01     BIT   A:FF X:00 Y:00 P:A4 SP:FB CYC:273 SL:241
C784  70 04     BVS   A:FF X:00 Y:00 P:E4 SP:FB CYC:282 SL:241
C78A  EA        NOP   A:FF X:00 Y:00 P:E4 SP:FB CYC:291 SL:241
C78B  24 01     BIT   A:FF X:00 Y:00 P:E4 SP:FB CYC:297 SL:241
C78D  50 03     BVC   A:FF X:00 Y:00 P:E4 SP:FB CYC:306 SL:241
C78F  4C 96 C7  JMP   A:FF X:00 Y:00 P:E4 SP:FB CYC:312 SL:241
C796  EA        NOP   A:FF X:00 Y:00 P:E4 SP:FB CYC:321 SL:241
C797  A9 00     LDA   A:FF X:00 Y:00 P:E4 SP:FB CYC:327 SL:241
C799  85 01     STA   A:00 X:00 Y:00 P:66 SP:FB CYC:333 SL:241
C79B  24 01     BIT   A:00 X:00 Y:00 P:66 SP:FB CYC:  1 SL:242
C79D  50 04     BVC   A:00 X:00 Y:00 P:26 SP:FB CYC: 10 SL:242
C7A3  EA        NOP   A:00 X:00 Y:00 P:26 SP:FB CYC: 19 SL:242
C7A4  24 01     BIT   A:00 X:00 Y:00 P:26 SP:FB CYC: 25 SL:242
C7A6  70 03     BVS   A:00 X:00 Y:00 P:26 SP:FB CYC: 34 SL:242
C7A8  4C AF C7  JMP   A:00 X:00 Y:00 P:26 SP:FB CYC: 40 SL:242
C7AF  EA        NOP   A:00 X:00 Y:00 P:26 SP:FB CYC: 49 SL:242
C7B0  A9 00     LDA   A:00 X:00 Y:00 P:26 SP:FB CYC: 55 SL:242
C7B2  10 04     BPL   A:00 X:00 Y:00 P:26 SP:FB CYC: 61 SL:242
C7B8  EA        NOP   A:00 X:00 Y:00 P:26 SP:FB CYC: 70 SL:242
C7B9  A9 80     LDA   A:00 X:00 Y:00 P:26 SP:FB CYC: 76 SL:242
C7BB  10 03     BPL   A:80 X:00 Y:00 P:A4 SP:FB CYC: 82 SL:242
C7BD  4C D9 C7  JMP   A:80 X:00 Y:00 P:A4 SP:FB CYC: 88 SL:242
C7D9  EA        NOP   A:80 X:00 Y:00 P:A4 SP:FB CYC: 97 SL:242
C7DA  60        RTS   A:80 X:00 Y:00 P:A4 SP:FB CYC:103 SL:242
C600  20 DB C7  JSR   A:80 X:00 Y:00 P:A4 SP:FD CYC:121 SL:242
C7DB  EA        NOP   A:80 X:00 Y:00 P:A4 SP:FB CYC:139 SL:242
C7DC  A9 FF     LDA   A:80 X:00 Y:00 P:A4 SP:FB CYC:145 SL:242
C7DE  85 01     STA   A:FF X:00 Y:00 P:A4 SP:FB CYC:151 SL:242
C7E0  24 01     BIT   A:FF X:00 Y:00 P:A4 SP:FB CYC:160 SL:242
C7E2  A9 00     LDA   A:FF X:00 Y:00 P:E4 SP:FB CYC:169 SL:242
C7E4  38        SEC   A:00 X:00 Y:00 P:66 SP:FB CYC:175 SL:242
C7E5  78        SEI   A:00 X:00 Y:00 P:67 SP:FB CYC:181 SL:242
C7E6  F8        SED   A:00 X:00 Y:00 P:67 SP:FB CYC:187 SL:242
C7E7  08        PHP   A:00 X:00 Y:00 P:6F SP:FB CYC:193 SL:242
C7E8  68        PLA   A:00 X:00 Y:00 P:6F SP:FA CYC:202 SL:242
C7E9  29 EF     AND   A:7F X:00 Y:00 P:6D SP:FB CYC:214 SL:242
C7EB  C9 6F     CMP   A:6F X:00 Y:00 P:6D SP:FB CYC:220 SL:242
C7ED  F0 04     BEQ   A:6F X:00 Y:00 P:6F SP:FB CYC:226 SL:242
C7F3  EA        NOP   A:6F X:00 Y:00 P:6F SP:FB CYC:235 SL:242
C7F4  A9 40     LDA   A:6F X:00 Y:00 P:6F SP:FB CYC:241 SL:242
C7F6  85 01     STA   A:40 X:00 Y:00 P:6D SP:FB CYC:247 SL:242
C7F8  24 01     BIT   A:40 X:00 Y:00 P:6D SP:FB CYC:256 SL:242
C7FA  D8        CLD   A:40 X:00 Y:00 P:6D SP:FB CYC:265 SL:242
C7FB  A9 10     LDA   A:40 X:00 Y:00 P:65 SP:FB CYC:271 SL:242
C7FD  18        CLC   A:10 X:00 Y:00 P:65 SP:FB CYC:277 SL:242
C7FE  08        PHP   A:10 X:00 Y:00 P:64 SP:FB CYC:283 SL:242
C7FF  68        PLA   A:10 X:00 Y:00 P:64 SP:FA CYC:292 SL:242
C800  29 EF     AND   A:74 X:00 Y:00 P:64 SP:FB CYC:304 SL:242
C802  C9 64     CMP   A:64 X:00 Y:00 P:64 SP:FB CYC:310 SL:242
C804  F0 04     BEQ   A:64 X:00 Y:00 P:67 SP:FB CYC:316 SL:242
C80A  EA        NOP   A:64 X:00 Y:00 P:67 SP:FB CYC:325 SL:242
C80B  A9 80     LDA   A:64 X:00 Y:00 P:67 SP:FB CYC:331 SL:242
C80D  85 01     STA   A:80 X:00 Y:00 P:E5 SP:FB CYC:337 SL:242
C80F  24 01     BIT   A:80 X:00 Y:00 P:E5 SP:FB CYC:  5 SL:243
C811  F8        SED   A:80 X:00 Y:00 P:A5 SP:FB CYC: 14 SL:243
C812  A9 00     LDA   A:80 X:00 Y:00 P:AD SP:FB CYC: 20 SL:243
C814  38        SEC   A:00 X:00 Y:00 P:2F SP:FB CYC: 26 SL:243
C815  08        PHP   A:00 X:00 Y:00 P:2F SP:FB CYC: 32 SL:243
C816  68        PLA   A:00 X:00 Y:00 P:2F SP:FA CYC: 41 SL:243
C817  29 EF     AND   A:3F X:00 Y:00 P:2D SP:FB CYC: 53 SL:243
C819  C9 2F     CMP   A:2F X:00 Y:00 P:2D SP:FB CYC: 59 SL:243
C81B  F0 04     BEQ   A:2F X:00 Y:00 P:2F SP:FB CYC: 65 SL:243
C821  EA        NOP   A:2F X:00 Y:00 P:2F SP:FB CYC: 74 SL:243
C822  A9 FF     LDA   A:2F X:00 Y:00 P:2F SP:FB CYC: 80 SL:243
C824  48        PHA   A:FF X:00 Y:00 P:AD SP:FB CYC: 86 SL:243
C825  28        PLP   A:FF X:00 Y:00 P:AD SP:FA CYC: 95 SL:243
C826  D0 09     BNE   A:FF X:00 Y:00 P:EF SP:FB CYC:107 SL:243
C828  10 07     BPL   A:FF X:00 Y:00 P:EF SP:FB CYC:113 SL:243
C82A  50 05     BVC   A:FF X:00 Y:00 P:EF SP:FB CYC:119 SL:243
C82C  90 03     BCC   A:FF X:00 Y:00 P:EF SP:FB CYC:125 SL:243
C82E  4C 35 C8  JMP   A:FF X:00 Y:00 P:EF SP:FB CYC:131 SL:243
C835  EA        NOP   A:FF X:00 Y:00 P:EF SP:FB CYC:140 SL:243
C836  A9 04     LDA   A:FF X:00 Y:00 P:EF SP:FB CYC:146 SL:243
C838  48        PHA   A:04 X:00 Y:00 P:6D SP:FB CYC:152 SL:243
C839  28        PLP   A:04 X:00 Y:00 P:6D SP:FA CYC:161 SL:243
C83A  F0 09     BEQ   A:04 X:00 Y:00 P:24 SP:FB CYC:173 SL:243
C83C  30 07     BMI   A:04 X:00 Y:00 P:24 SP:FB CYC:179 SL:243
C83E  70 05     BVS   A:04 X:00 Y:00 P:24 SP:FB CYC:185 SL:243
C840  B0 03     BCS   A:04 X:00 Y:00 P:24 SP:FB CYC:191 SL:243
C842  4C 49 C8  JMP   A:04 X:00 Y:00 P:24 SP:FB CYC:197 SL:243
C849  EA        NOP   A:04 X:00 Y:00 P:24 SP:FB CYC:206 SL:243
C84A  F8        SED   A:04 X:00 Y:00 P:24 SP:FB CYC:212 SL:243
C84B  A9 FF     LDA   A:04 X:00 Y:00 P:2C SP:FB CYC:218 SL:243
C84D  85 01     STA   A:FF X:00 Y:00 P:AC SP:FB CYC:224 SL:243
C84F  24 01     BIT   A:FF X:00 Y:00 P:AC SP:FB CYC:233 SL:243
C851  18        CLC   A:FF X:00 Y:00 P:EC SP:FB CYC:242 SL:243
C852  A9 00     LDA   A:FF X:00 Y:00 P:EC SP:FB CYC:248 SL:243
C854  48        PHA   A:00 X:00 Y:00 P:6E SP:FB CYC:254 SL:243
C855  A9 FF     LDA   A:00 X:00 Y:00 P:6E SP:FA CYC:263 SL:243
C857  68        PLA   A:FF X:00 Y:00 P:EC SP:FA CYC:269 SL:243
C858  D0 09     BNE   A:00 X:00 Y:00 P:6E SP:FB CYC:281 SL:243
C85A  30 07     BMI   A:00 X:00 Y:00 P:6E SP:FB CYC:287 SL:243
C85C  50 05     BVC   A:00 X:00 Y:00 P:6E SP:FB CYC:293 SL:243
C85E  B0 03     BCS   A:00 X:00 Y:00 P:6E SP:FB CYC:299 SL:243
C860  4C 67 C8  JMP   A:00 X:00 Y:00 P:6E SP:FB CYC:305 SL:243
C867  EA        NOP   A:00 X:00 Y:00 P:6E SP:FB CYC:314 SL:243
C868  A9 00     LDA   A:00 X:00 Y:00 P:6E SP:FB CYC:320 SL:243
C86A  85 01     STA   A:00 X:00 Y:00 P:6E SP:FB CYC:326 SL:243
C86C  24 01     BIT   A:00 X:00 Y:00 P:6E SP:FB CYC:335 SL:243
C86E  38        SEC   A:00 X:00 Y:00 P:2E SP:FB CYC:  3 SL:244
C86F  A9 FF     LDA   A:00 X:00 Y:00 P:2F SP:FB CYC:  9 SL:244
C871  48        PHA   A:FF X:00 Y:00 P:AD SP:FB CYC: 15 SL:244
C872  A9 00     LDA   A:FF X:00 Y:00 P:AD SP:FA CYC: 24 SL:244
C874  68        PLA   A:00 X:00 Y:00 P:2F SP:FA CYC: 30 SL:244
C875  F0 09     BEQ   A:FF X:00 Y:00 P:AD SP:FB CYC: 42 SL:244
C877  10 07     BPL   A:FF X:00 Y:00 P:AD SP:FB CYC: 48 SL:244
C879  70 05     BVS   A:FF X:00 Y:00 P:AD SP:FB CYC: 54 SL:244
C87B  90 03     BCC   A:FF X:00 Y:00 P:AD SP:FB CYC: 60 SL:244
C87D  4C 84 C8  JMP   A:FF X:00 Y:00 P:AD SP:FB CYC: 66 SL:244
C884  60        RTS   A:FF X:00 Y:00 P:AD SP:FB CYC: 75 SL:244
C603  20 85 C8  JSR   A:FF X:00 Y:00 P:AD SP:FD CYC: 93 SL:244
C885  EA        NOP   A:FF X:00 Y:00 P:AD SP:FB CYC:111 SL:244
C886  18        CLC   A:FF X:00 Y:00 P:AD SP:FB CYC:117 SL:244
C887  A9 FF     LDA   A:FF X:00 Y:00 P:AC SP:FB CYC:123 SL:244
C889  85 01     STA   A:FF X:00 Y:00 P:AC SP:FB CYC:129 SL:244
C88B  24 01     BIT   A:FF X:00 Y:00 P:AC SP:FB CYC:138 SL:244
C88D  A9 55     LDA   A:FF X:00 Y:00 P:EC SP:FB CYC:147 SL:244
C88F  09 AA     ORA   A:55 X:00 Y:00 P:6C SP:FB CYC:153 SL:244
C891  B0 0B     BCS   A:FF X:00 Y:00 P:EC SP:FB CYC:159 SL:244
C893  10 09     BPL   A:FF X:00 Y:00 P:EC SP:FB CYC:165 SL:244
C895  C9 FF     CMP   A:FF X:00 Y:00 P:EC SP:FB CYC:171 SL:244
C897  D0 05     BNE   A:FF X:00 Y:00 P:6F SP:FB CYC:177 SL:244
C899  50 03     BVC   A:FF X:00 Y:00 P:6F SP:FB CYC:183 SL:244
C89B  4C A2 C8  JMP   A:FF X:00 Y:00 P:6F SP:FB CYC:189 SL:244
C8A2  EA        NOP   A:FF X:00 Y:00 P:6F SP:FB CYC:198 SL:244
C8A3  38        SEC   A:FF X:00 Y:00 P:6F SP:FB CYC:204 SL:244
C8A4  B8        CLV   A:FF X:00 Y:00 P:6F SP:FB CYC:210 SL:244
C8A5  A9 00     LDA   A:FF X:00 Y:00 P:2F SP:FB CYC:216 SL:244
C8A7  09 00     ORA   A:00 X:00 Y:00 P:2F SP:FB CYC:222 SL:244
C8A9  D0 09     BNE   A:00 X:00 Y:00 P:2F SP:FB CYC:228 SL:244
C8AB  70 07     BVS   A:00 X:00 Y:00 P:2F SP:FB CYC:234 SL:244
C8AD  90 05     BCC   A:00 X:00 Y:00 P:2F SP:FB CYC:240 SL:244
C8AF  30 03     BMI   A:00 X:00 Y:00 P:2F SP:FB CYC:246 SL:244
C8B1  4C B8 C8  JMP   A:00 X:00 Y:00 P:2F SP:FB CYC:252 SL:244
C8B8  EA        NOP   A:00 X:00 Y:00 P:2F SP:FB CYC:261 SL:244
C8B9  18        CLC   A:00 X:00 Y:00 P:2F SP:FB CYC:267 SL:244
C8BA  24 01     BIT   A:00 X:00 Y:00 P:2E SP:FB CYC:273 SL:244
C8BC  A9 55     LDA   A:00 X:00 Y:00 P:EE SP:FB CYC:282 SL:244
C8BE  29 AA     AND   A:55 X:00 Y:00 P:6C SP:FB CYC:288 SL:244
C8C0  D0 09     BNE   A:00 X:00 Y:00 P:6E SP:FB CYC:294 SL:244
C8C2  50 07     BVC   A:00 X:00 Y:00 P:6E SP:FB CYC:300 SL:244
C8C4  B0 05     BCS   A:00 X:00 Y:00 P:6E SP:FB CYC:306 SL:244
C8C6  30 03     BMI   A:00 X:00 Y:00 P:6E SP:FB CYC:312 SL:244
C8C8  4C CF C8  JMP   A:00 X:00 Y:00 P:6E SP:FB CYC:318 SL:244
C8CF  EA        NOP   A:00 X:00 Y:00 P:6E SP:FB CYC:327 SL:244
C8D0  38        SEC   A:00 X:00 Y:00 P:6E SP:FB CYC:333 SL:244
C8D1  B8        CLV   A:00 X:00 Y:00 P:6F SP:FB CYC:339 SL:244
C8D2  A9 F8     LDA   A:00 X:00 Y:00 P:2F SP:FB CYC:  4 SL:245
C8D4  29 EF     AND   A:F8 X:00 Y:00 P:AD SP:FB CYC: 10 SL:245
C8D6  90 0B     BCC   A:E8 X:00 Y:00 P:AD SP:FB CYC: 16 SL:245
C8D8  10 09     BPL   A:E8 X:00 Y:00 P:AD SP:FB CYC: 22 SL:245
C8DA  C9 E8     CMP   A:E8 X:00 Y:00 P:AD SP:FB CYC: 28 SL:245
C8DC  D0 05     BNE   A:E8 X:00 Y:00 P:2F SP:FB CYC: 34 SL:245
C8DE  70 03     BVS   A:E8 X:00 Y:00 P:2F SP:FB CYC: 40 SL:245
C8E0  4C E7 C8  JMP   A:E8 X:00 Y:00 P:2F SP:FB CYC: 46 SL:245
C8E7  EA        NOP   A:E8 X:00 Y:00 P:2F SP:FB CYC: 55 SL:245
C8E8  18        CLC   A:E8 X:00 Y:00 P:2F SP:FB CYC: 61 SL:245
C8E9  24 01     BIT   A:E8 X:00 Y:00 P:2E SP:FB CYC: 67 SL:245
C8EB  A9 5F     LDA   A:E8 X:00 Y:00 P:EC SP:FB CYC: 76 SL:245
C8ED  49 AA     EOR   A:5F X:00 Y:00 P:6C SP:FB CYC: 82 SL:245
C8EF  B0 0B     BCS   A:F5 X:00 Y:00 P:EC SP:FB CYC: 88 SL:245
C8F1  10 09     BPL   A:F5 X:00 Y:00 P:EC SP:FB CYC: 94 SL:245
C8F3  C9 F5     CMP   A:F5 X:00 Y:00 P:EC SP:FB CYC:100 SL:245
C8F5  D0 05     BNE   A:F5 X:00 Y:00 P:6F SP:FB CYC:106 SL:245
C8F7  50 03     BVC   A:F5 X:00 Y:00 P:6F SP:FB CYC:112 SL:245
C8F9  4C 00 C9  JMP   A:F5 X:00 Y:00 P:6F SP:FB CYC:118 SL:245
C900  EA        NOP   A:F5 X:00 Y:00 P:6F SP:FB CYC:127 SL:245
C901  38        SEC   A:F5 X:00 Y:00 P:6F SP:FB CYC:133 SL:245
C902  B8        CLV   A:F5 X:00 Y:00 P:6F SP:FB CYC:139 SL:245
C903  A9 70     LDA   A:F5 X:00 Y:00 P:2F SP:FB CYC:145 SL:245
C905  49 70     EOR   A:70 X:00 Y:00 P:2D SP:FB CYC:151 SL:245
C907  D0 09     BNE   A:00 X:00 Y:00 P:2F SP:FB CYC:157 SL:245
C909  70 07     BVS   A:00 X:00 Y:00 P:2F SP:FB CYC:163 SL:245
C90B  90 05     BCC   A:00 X:00 Y:00 P:2F SP:FB CYC:169 SL:245
C90D  30 03     BMI   A:00 X:00 Y:00 P:2F SP:FB CYC:175 SL:245
C90F  4C 16 C9  JMP   A:00 X:00 Y:00 P:2F SP:FB CYC:181 SL:245
C916  EA        NOP   A:00 X:00 Y:00 P:2F SP:FB CYC:190 SL:245
C917  18        CLC   A:00 X:00 Y:00 P:2F SP:FB CYC:196 SL:245
C918  24 01     BIT   A:00 X:00 Y:00 P:2E SP:FB CYC:202 SL:245
C91A  A9 00     LDA   A:00 X:00 Y:00 P:EE SP:FB CYC:211 SL:245
C91C  69 69     ADC   A:00 X:00 Y:00 P:6E SP:FB CYC:217 SL:245
C91E  30 0B     BMI   A:69 X:00 Y:00 P:2C SP:FB CYC:223 SL:245
C920  B0 09     BCS   A:69 X:00 Y:00 P:2C SP:FB CYC:229 SL:245
C922  C9 69     CMP   A:69 X:00 Y:00 P:2C SP:FB CYC:235 SL:245
C924  D0 05     BNE   A:69 X:00 Y:00 P:2F SP:FB CYC:241 SL:245
C926  70 03     BVS   A:69 X:00 Y:00 P:2F SP:FB CYC:247 SL:245
C928  4C 2F C9  JMP   A:69 X:00 Y:00 P:2F SP:FB CYC:253 SL:245
C92F  EA        NOP   A:69 X:00 Y:00 P:2F SP:FB CYC:262 SL:245
C930  38        SEC   A:69 X:00 Y:00 P:2F SP:FB CYC:268 SL:245
C931  F8        SED   A:69 X:00 Y:00 P:2F SP:FB CYC:274 SL:245
C932  24 01     BIT   A:69 X:00 Y:00 P:2F SP:FB CYC:280 SL:245
C934  A9 01     LDA   A:69 X:00 Y:00 P:ED SP:FB CYC:289 SL:245
C936  69 69     ADC   A:01 X:00 Y:00 P:6D SP:FB CYC:295 SL:245
C938  30 0B     BMI   A:6B X:00 Y:00 P:2C SP:FB CYC:301 SL:245
C93A  B0 09     BCS   A:6B X:00 Y:00 P:2C SP:FB CYC:307 SL:245
C93C  C9 6B     CMP   A:6B X:00 Y:00 P:2C SP:FB CYC:313 SL:245
C93E  D0 05     BNE   A:6B X:00 Y:00 P:2F SP:FB CYC:319 SL:245
C940  70 03     BVS   A:6B X:00 Y:00 P:2F SP:FB CYC:325 SL:245
C942  4C 49 C9  JMP   A:6B X:00 Y:00 P:2F SP:FB CYC:331 SL:245
C949  EA        NOP   A:6B X:00 Y:00 P:2F SP:FB CYC:340 SL:245
C94A  D8        CLD   A:6B X:00 Y:00 P:2F SP:FB CYC:  5 SL:246
C94B  38        SEC   A:6B X:00 Y:00 P:27 SP:FB CYC: 11 SL:246
C94C  B8        CLV   A:6B X:00 Y:00 P:27 SP:FB CYC: 17 SL:246
C94D  A9 7F     LDA   A:6B X:00 Y:00 P:27 SP:FB CYC: 23 SL:246
C94F  69 7F     ADC   A:7F X:00 Y:00 P:25 SP:FB CYC: 29 SL:246
C951  10 0B     BPL   A:FF X:00 Y:00 P:E4 SP:FB CYC: 35 SL:246
C953  B0 09     BCS   A:FF X:00 Y:00 P:E4 SP:FB CYC: 41 SL:246
C955  C9 FF     CMP   A:FF X:00 Y:00 P:E4 SP:FB CYC: 47 SL:246
C957  D0 05     BNE   A:FF X:00 Y:00 P:67 SP:FB CYC: 53 SL:246
C959  50 03     BVC   A:FF X:00 Y:00 P:67 SP:FB CYC: 59 SL:246
C95B  4C 62 C9  JMP   A:FF X:00 Y:00 P:67 SP:FB CYC: 65 SL:246
C962  EA        NOP   A:FF X:00 Y:00 P:67 SP:FB CYC: 74 SL:246
C963  18        CLC   A:FF X:00 Y:00 P:67 SP:FB CYC: 80 SL:246
C964  24 01     BIT   A:FF X:00 Y:00 P:66 SP:FB CYC: 86 SL:246
C966  A9 7F     LDA   A:FF X:00 Y:00 P:E4 SP:FB CYC: 95 SL:246
C968  69 80     ADC   A:7F X:00 Y:00 P:64 SP:FB CYC:101 SL:246
C96A  10 0B     BPL   A:FF X:00 Y:00 P:A4 SP:FB CYC:107 SL:246
C96C  B0 09     BCS   A:FF X:00 Y:00 P:A4 SP:FB CYC:113 SL:246
C96E  C9 FF     CMP   A:FF X:00 Y:00 P:A4 SP:FB CYC:119 SL:246
C970  D0 05     BNE   A:FF X:00 Y:00 P:27 SP:FB CYC:125 SL:246
C972  70 03     BVS   A:FF X:00 Y:00 P:27 SP:FB CYC:131 SL:246
C974  4C 7B C9  JMP   A:FF X:00 Y:00 P:27 SP:FB CYC:137 SL:246
C97B  EA        NOP   A:FF X:00 Y:00 P:27 SP:FB CYC:146 SL:246
C97C  38        SEC   A:FF X:00 Y:00 P:27 SP:FB CYC:152 SL:246
C97D  B8        CLV   A:FF X:00 Y:00 P:27 SP:FB CYC:158 SL:246
C97E  A9 7F     LDA   A:FF X:00 Y:00 P:27 SP:FB CYC:164 SL:246
C980  69 80     ADC   A:7F X:00 Y:00 P:25 SP:FB CYC:170 SL:246
C982  D0 09     BNE   A:00 X:00 Y:00 P:27 SP:FB CYC:176 SL:246
C984  30 07     BMI   A:00 X:00 Y:00 P:27 SP:FB CYC:182 SL:246
C986  70 05     BVS   A:00 X:00 Y:00 P:27 SP:FB CYC:188 SL:246
C988  90 03     BCC   A:00 X:00 Y:00 P:27 SP:FB CYC:194 SL:246
C98A  4C 91 C9  JMP   A:00 X:00 Y:00 P:27 SP:FB CYC:200 SL:246
C991  EA        NOP   A:00 X:00 Y:00 P:27 SP:FB CYC:209 SL:246
C992  38        SEC   A:00 X:00 Y:00 P:27 SP:FB CYC:215 SL:246
C993  B8        CLV   A:00 X:00 Y:00 P:27 SP:FB CYC:221 SL:246
C994  A9 9F     LDA   A:00 X:00 Y:00 P:27 SP:FB CYC:227 SL:246
C996  F0 09     BEQ   A:9F X:00 Y:00 P:A5 SP:FB CYC:233 SL:246
C998  10 07     BPL   A:9F X:00 Y:00 P:A5 SP:FB CYC:239 SL:246
C99A  70 05     BVS   A:9F X:00 Y:00 P:A5 SP:FB CYC:245 SL:246
C99C  90 03     BCC   A:9F X:00 Y:00 P:A5 SP:FB CYC:251 SL:246
C99E  4C A5 C9  JMP   A:9F X:00 Y:00 P:A5 SP:FB CYC:257 SL:246
C9A5  EA        NOP   A:9F X:00 Y:00 P:A5 SP:FB CYC:266 SL:246
C9A6  18        CLC   A:9F X:00 Y:00 P:A5 SP:FB CYC:272 SL:246
C9A7  24 01     BIT   A:9F X:00 Y:00 P:A4 SP:FB CYC:278 SL:246
C9A9  A9 00     LDA   A:9F X:00 Y:00 P:E4 SP:FB CYC:287 SL:246
C9AB  D0 09     BNE   A:00 X:00 Y:00 P:66 SP:FB CYC:293 SL:246
C9AD  30 07     BMI   A:00 X:00 Y:00 P:66 SP:FB CYC:299 SL:246
C9AF  50 05     BVC   A:00 X:00 Y:00 P:66 SP:FB CYC:305 SL:246
C9B1  B0 03     BCS   A:00 X:00 Y:00 P:66 SP:FB CYC:311 SL:246
C9B3  4C BA C9  JMP   A:00 X:00 Y:00 P:66 SP:FB CYC:317 SL:246
C9BA  EA        NOP   A:00 X:00 Y:00 P:66 SP:FB CYC:326 SL:246
C9BB  24 01     BIT   A:00 X:00 Y:00 P:66 SP:FB CYC:332 SL:246
C9BD  A9 40     LDA   A:00 X:00 Y:00 P:E6 SP:FB CYC:  0 SL:247
C9BF  C9 40     CMP   A:40 X:00 Y:00 P:64 SP:FB CYC:  6 SL:247
C9C1  30 09     BMI   A:40 X:00 Y:00 P:67 SP:FB CYC: 12 SL:247
C9C3  90 07     BCC   A:40 X:00 Y:00 P:67 SP:FB CYC: 18 SL:247
C9C5  D0 05     BNE   A:40 X:00 Y:00 P:67 SP:FB CYC: 24 SL:247
C9C7  50 03     BVC   A:40 X:00 Y:00 P:67 SP:FB CYC: 30 SL:247
C9C9  4C D0 C9  JMP   A:40 X:00 Y:00 P:67 SP:FB CYC: 36 SL:247
C9D0  EA        NOP   A:40 X:00 Y:00 P:67 SP:FB CYC: 45 SL:247
C9D1  B8        CLV   A:40 X:00 Y:00 P:67 SP:FB CYC: 51 SL:247
C9D2  C9 3F     CMP   A:40 X:00 Y:00 P:27 SP:FB CYC: 57 SL:247
C9D4  F0 09     BEQ   A:40 X:00 Y:00 P:25 SP:FB CYC: 63 SL:247
C9D6  30 07     BMI   A:40 X:00 Y:00 P:25 SP:FB CYC: 69 SL:247
C9D8  90 05     BCC   A:40 X:00 Y:00 P:25 SP:FB CYC: 75 SL:247
C9DA  70 03     BVS   A:40 X:00 Y:00 P:25 SP:FB CYC: 81 SL:247
C9DC  4C E3 C9  JMP   A:40 X:00 Y:00 P:25 SP:FB CYC: 87 SL:247
C9E3  EA        NOP   A:40 X:00 Y:00 P:25 SP:FB CYC: 96 SL:247
C9E4  C9 41     CMP   A:40 X:00 Y:00 P:25 SP:FB CYC:102 SL:247
C9E6  F0 07     BEQ   A:40 X:00 Y:00 P:A4 SP:FB CYC:108 SL:247
C9E8  10 05     BPL   A:40 X:00 Y:00 P:A4 SP:FB CYC:114 SL:247
C9EA  10 03     BPL   A:40 X:00 Y:00 P:A4 SP:FB CYC:120 SL:247
C9EC  4C F3 C9  JMP   A:40 X:00 Y:00 P:A4 SP:FB CYC:126 SL:247
C9F3  EA        NOP   A:40 X:00 Y:00 P:A4 SP:FB CYC:135 SL:247
C9F4  A9 80     LDA   A:40 X:00 Y:00 P:A4 SP:FB CYC:141 SL:247
C9F6  C9 00     CMP   A:80 X:00 Y:00 P:A4 SP:FB CYC:147 SL:247
C9F8  F0 07     BEQ   A:80 X:00 Y:00 P:A5 SP:FB CYC:153 SL:247
C9FA  10 05     BPL   A:80 X:00 Y:00 P:A5 SP:FB CYC:159 SL:247
C9FC  90 03     BCC   A:80 X:00 Y:00 P:A5 SP:FB CYC:165 SL:247
C9FE  4C 05 CA  JMP   A:80 X:00 Y:00 P:A5 SP:FB CYC:171 SL:247
CA05  EA        NOP   A:80 X:00 Y:00 P:A5 SP:FB CYC:180 SL:247
CA06  C9 80     CMP   A:80 X:00 Y:00 P:A5 SP:FB CYC:186 SL:247
CA08  D0 07     BNE   A:80 X:00 Y:00 P:27 SP:FB CYC:192 SL:247
CA0A  30 05     BMI   A:80 X:00 Y:00 P:27 SP:FB CYC:198 SL:247
CA0C  90 03     BCC   A:80 X:00 Y:00 P:27 SP:FB CYC:204 SL:247
CA0E  4C 15 CA  JMP   A:80 X:00 Y:00 P:27 SP:FB CYC:210 SL:247
CA15  EA        NOP   A:80 X:00 Y:00 P:27 SP:FB CYC:219 SL:247
CA16  C9 81     CMP   A:80 X:00 Y:00 P:27 SP:FB CYC:225 SL:247
CA18  B0 07     BCS   A:80 X:00 Y:00 P:A4 SP:FB CYC:231 SL:247
CA1A  F0 05     BEQ   A:80 X:00 Y:00 P:A4 SP:FB CYC:237 SL:247
CA1C  10 03     BPL   A:80 X:00 Y:00 P:A4 SP:FB CYC:243 SL:247
CA1E  4C 25 CA  JMP   A:80 X:00 Y:00 P:A4 SP:FB CYC:249 SL:247
CA25  EA        NOP   A:80 X:00 Y:00 P:A4 SP:FB CYC:258 SL:247
CA26  C9 7F     CMP   A:80 X:00 Y:00 P:A4 SP:FB CYC:264 SL:247
CA28  90 07     BCC   A:80 X:00 Y:00 P:25 SP:FB CYC:270 SL:247
CA2A  F0 05     BEQ   A:80 X:00 Y:00 P:25 SP:FB CYC:276 SL:247
CA2C  30 03     BMI   A:80 X:00 Y:00 P:25 SP:FB CYC:282 SL:247
CA2E  4C 35 CA  JMP   A:80 X:00 Y:00 P:25 SP:FB CYC:288 SL:247
CA35  EA        NOP   A:80 X:00 Y:00 P:25 SP:FB CYC:297 SL:247
CA36  24 01     BIT   A:80 X:00 Y:00 P:25 SP:FB CYC:303 SL:247
CA38  A0 40     LDY   A:80 X:00 Y:00 P:E5 SP:FB CYC:312 SL:247
CA3A  C0 40     CPY   A:80 X:00 Y:40 P:65 SP:FB CYC:318 SL:247
CA3C  D0 09     BNE   A:80 X:00 Y:40 P:67 SP:FB CYC:324 SL:247
CA3E  30 07     BMI   A:80 X:00 Y:40 P:67 SP:FB CYC:330 SL:247
CA40  90 05     BCC   A:80 X:00 Y:40 P:67 SP:FB CYC:336 SL:247
CA42  50 03     BVC   A:80 X:00 Y:40 P:67 SP:FB CYC:  1 SL:248
CA44  4C 4B CA  JMP   A:80 X:00 Y:40 P:67 SP:FB CYC:  7 SL:248
CA4B  EA        NOP   A:80 X:00 Y:40 P:67 SP:FB CYC: 16 SL:248
CA4C  B8        CLV   A:80 X:00 Y:40 P:67 SP:FB CYC: 22 SL:248
CA4D  C0 3F     CPY   A:80 X:00 Y:40 P:27 SP:FB CYC: 28 SL:248
CA4F  F0 09     BEQ   A:80 X:00 Y:40 P:25 SP:FB CYC: 34 SL:248
CA51  30 07     BMI   A:80 X:00 Y:40 P:25 SP:FB CYC: 40 SL:248
CA53  90 05     BCC   A:80 X:00 Y:40 P:25 SP:FB CYC: 46 SL:248
CA55  70 03     BVS   A:80 X:00 Y:40 P:25 SP:FB CYC: 52 SL:248
CA57  4C 5E CA  JMP   A:80 X:00 Y:40 P:25 SP:FB CYC: 58 SL:248
CA5E  EA        NOP   A:80 X:00 Y:40 P:25 SP:FB CYC: 67 SL:248
CA5F  C0 41     CPY   A:80 X:00 Y:40 P:25 SP:FB CYC: 73 SL:248
CA61  F0 07     BEQ   A:80 X:00 Y:40 P:A4 SP:FB CYC: 79 SL:248
CA63  10 05     BPL   A:80 X:00 Y:40 P:A4 SP:FB CYC: 85 SL:248
CA65  10 03     BPL   A:80 X:00 Y:40 P:A4 SP:FB CYC: 91 SL:248
CA67  4C 6E CA  JMP   A:80 X:00 Y:40 P:A4 SP:FB CYC: 97 SL:248
CA6E  EA        NOP   A:80 X:00 Y:40 P:A4 SP:FB CYC:106 SL:248
CA6F  A0 80     LDY   A:80 X:00 Y:40 P:A4 SP:FB CYC:112 SL:248
CA71  C0 00     CPY   A:80 X:00 Y:80 P:A4 SP:FB CYC:118 SL:248
CA73  F0 07     BEQ   A:80 X:00 Y:80 P:A5 SP:FB CYC:124 SL:248
CA75  10 05     BPL   A:80 X:00 Y:80 P:A5 SP:FB CYC:130 SL:248
CA77  90 03     BCC   A:80 X:00 Y:80 P:A5 SP:FB CYC:136 SL:248
CA79  4C 80 CA  JMP   A:80 X:00 Y:80 P:A5 SP:FB CYC:142 SL:248
CA80  EA        NOP   A:80 X:00 Y:80 P:A5 SP:FB CYC:151 SL:248
CA81  C0 80     CPY   A:80 X:00 Y:80 P:A5 SP:FB CYC:157 SL:248
CA83  D0 07     BNE   A:80 X:00 Y:80 P:27 SP:FB CYC:163 SL:248
CA85  30 05     BMI   A:80 X:00 Y:80 P:27 SP:FB CYC:169 SL:248
CA87  90 03     BCC   A:80 X:00 Y:80 P:27 SP:FB CYC:175 SL:248
CA89  4C 90 CA  JMP   A:80 X:00 Y:80 P:27 SP:FB CYC:181 SL:248
CA90  EA        NOP   A:80 X:00 Y:80 P:27 SP:FB CYC:190 SL:248
CA91  C0 81     CPY   A:80 X:00 Y:80 P:27 SP:FB CYC:196 SL:248
CA93  B0 07     BCS   A:80 X:00 Y:80 P:A4 SP:FB CYC:202 SL:248
CA95  F0 05     BEQ   A:80 X:00 Y:80 P:A4 SP:FB CYC:208 SL:248
CA97  10 03     BPL   A:80 X:00 Y:80 P:A4 SP:FB CYC:214 SL:248
CA99  4C A0 CA  JMP   A:80 X:00 Y:80 P:A4 SP:FB CYC:220 SL:248
CAA0  EA        NOP   A:80 X:00 Y:80 P:A4 SP:FB CYC:229 SL:248
CAA1  C0 7F     CPY   A:80 X:00 Y:80 P:A4 SP:FB CYC:235 SL:248
CAA3  90 07     BCC   A:80 X:00 Y:80 P:25 SP:FB CYC:241 SL:248
CAA5  F0 05     BEQ   A:80 X:00 Y:80 P:25 SP:FB CYC:247 SL:248
CAA7  30 03     BMI   A:80 X:00 Y:80 P:25 SP:FB CYC:253 SL:248
CAA9  4C B0 CA  JMP   A:80 X:00 Y:80 P:25 SP:FB CYC:259 SL:248
CAB0  EA        NOP   A:80 X:00 Y:80 P:25 SP:FB CYC:268 SL:248
CAB1  24 01     BIT   A:80 X:00 Y:80 P:25 SP:FB CYC:274 SL:248
CAB3  A2 40     LDX   A:80 X:00 Y:80 P:E5 SP:FB CYC:283 SL:248
CAB5  E0 40     CPX   A:80 X:40 Y:80 P:65 SP:FB CYC:289 SL:248
CAB7  D0 09     BNE   A:80 X:40 Y:80 P:67 SP:FB CYC:295 SL:248
CAB9  30 07     BMI   A:80 X:40 Y:80 P:67 SP:FB CYC:301 SL:248
CABB  90 05     BCC   A:80 X:40 Y:80 P:67 SP:FB CYC:307 SL:248
CABD  50 03     BVC   A:80 X:40 Y:80 P:67 SP:FB CYC:313 SL:248
CABF  4C C6 CA  JMP   A:80 X:40 Y:80 P:67 SP:FB CYC:319 SL:248
CAC6  EA        NOP   A:80 X:40 Y:80 P:67 SP:FB CYC:328 SL:248
CAC7  B8        CLV   A:80 X:40 Y:80 P:67 SP:FB CYC:334 SL:248
CAC8  E0 3F     CPX   A:80 X:40 Y:80 P:27 SP:FB CYC:340 SL:248
CACA  F0 09     BEQ   A:80 X:40 Y:80 P:25 SP:FB CYC:  5 SL:249
CACC  30 07     BMI   A:80 X:40 Y:80 P:25 SP:FB CYC: 11 SL:249
CACE  90 05     BCC   A:80 X:40 Y:80 P:25 SP:FB CYC: 17 SL:249
CAD0  70 03     BVS   A:80 X:40 Y:80 P:25 SP:FB CYC: 23 SL:249
CAD2  4C D9 CA  JMP   A:80 X:40 Y:80 P:25 SP:FB CYC: 29 SL:249
CAD9  EA        NOP   A:80 X:40 Y:80 P:25 SP:FB CYC: 38 SL:249
CADA  E0 41     CPX   A:80 X:40 Y:80 P:25 SP:FB CYC: 44 SL:249
CADC  F0 07     BEQ   A:80 X:40 Y:80 P:A4 SP:FB CYC: 50 SL:249
CADE  10 05     BPL   A:80 X:40 Y:80 P:A4 SP:FB CYC: 56 SL:249
CAE0  10 03     BPL   A:80 X:40 Y:80 P:A4 SP:FB CYC: 62 SL:249
CAE2  4C E9 CA  JMP   A:80 X:40 Y:80 P:A4 SP:FB CYC: 68 SL:249
CAE9  EA        NOP   A:80 X:40 Y:80 P:A4 SP:FB CYC: 77 SL:249
CAEA  A2 80     LDX   A:80 X:40 Y:80 P:A4 SP:FB CYC: 83 SL:249
CAEC  E0 00     CPX   A:80 X:80 Y:80 P:A4 SP:FB CYC: 89 SL:249
CAEE  F0 07     BEQ   A:80 X:80 Y:80 P:A5 SP:FB CYC: 95 SL:249
CAF0  10 05     BPL   A:80 X:80 Y:80 P:A5 SP:FB CYC:101 SL:249
CAF2  90 03     BCC   A:80 X:80 Y:80 P:A5 SP:FB CYC:107 SL:249
CAF4  4C FB CA  JMP   A:80 X:80 Y:80 P:A5 SP:FB CYC:113 SL:249
CAFB  EA        NOP   A:80 X:80 Y:80 P:A5 SP:FB CYC:122 SL:249
CAFC  E0 80     CPX   A:80 X:80 Y:80 P:A5 SP:FB CYC:128 SL:249
CAFE  D0 07     BNE   A:80 X:80 Y:80 P:27 SP:FB CYC:134 SL:249
CB00  30 05     BMI   A:80 X:80 Y:80 P:27 SP:FB CYC:140 SL:249
CB02  90 03     BCC   A:80 X:80 Y:80 P:27 SP:FB CYC:146 SL:249
CB04  4C 0B CB  JMP   A:80 X:80 Y:80 P:27 SP:FB CYC:152 SL:249
CB0B  EA        NOP   A:80 X:80 Y:80 P:27 SP:FB CYC:161 SL:249
CB0C  E0 81     CPX   A:80 X:80 Y:80 P:27 SP:FB CYC:167 SL:249
CB0E  B0 07     BCS   A:80 X:80 Y:80 P:A4 SP:FB CYC:173 SL:249
CB10  F0 05     BEQ   A:80 X:80 Y:80 P:A4 SP:FB CYC:179 SL:249
CB12  10 03     BPL   A:80 X:80 Y:80 P:A4 SP:FB CYC:185 SL:249
CB14  4C 1B CB  JMP   A:80 X:80 Y:80 P:A4 SP:FB CYC:191 SL:249
CB1B  EA        NOP   A:80 X:80 Y:80 P:A4 SP:FB CYC:200 SL:249
CB1C  E0 7F     CPX   A:80 X:80 Y:80 P:A4 SP:FB CYC:206 SL:249
CB1E  90 07     BCC   A:80 X:80 Y:80 P:25 SP:FB CYC:212 SL:249
CB20  F0 05     BEQ   A:80 X:80 Y:80 P:25 SP:FB CYC:218 SL:249
CB22  30 03     BMI   A:80 X:80 Y:80 P:25 SP:FB CYC:224 SL:249
CB24  4C 2B CB  JMP   A:80 X:80 Y:80 P:25 SP:FB CYC:230 SL:249
CB2B  EA        NOP   A:80 X:80 Y:80 P:25 SP:FB CYC:239 SL:249
CB2C  38        SEC   A:80 X:80 Y:80 P:25 SP:FB CYC:245 SL:249
CB2D  B8        CLV   A:80 X:80 Y:80 P:25 SP:FB CYC:251 SL:249
CB2E  A2 9F     LDX   A:80 X:80 Y:80 P:25 SP:FB CYC:257 SL:249
CB30  F0 09     BEQ   A:80 X:9F Y:80 P:A5 SP:FB CYC:263 SL:249
CB32  10 07     BPL   A:80 X:9F Y:80 P:A5 SP:FB CYC:269 SL:249
CB34  70 05     BVS   A:80 X:9F Y:80 P:A5 SP:FB CYC:275 SL:249
CB36  90 03     BCC   A:80 X:9F Y:80 P:A5 SP:FB CYC:281 SL:249
CB38  4C 3F CB  JMP   A:80 X:9F Y:80 P:A5 SP:FB CYC:287 SL:249
CB3F  EA        NOP   A:80 X:9F Y:80 P:A5 SP:FB CYC:296 SL:249
CB40  18        CLC   A:80 X:9F Y:80 P:A5 SP:FB CYC:302 SL:249
CB41  24 01     BIT   A:80 X:9F Y:80 P:A4 SP:FB CYC:308 SL:249
CB43  A2 00     LDX   A:80 X:9F Y:80 P:E4 SP:FB CYC:317 SL:249
CB45  D0 09     BNE   A:80 X:00 Y:80 P:66 SP:FB CYC:323 SL:249
CB47  30 07     BMI   A:80 X:00 Y:80 P:66 SP:FB CYC:329 SL:249
CB49  50 05     BVC   A:80 X:00 Y:80 P:66 SP:FB CYC:335 SL:249
CB4B  B0 03     BCS   A:80 X:00 Y:80 P:66 SP:FB CYC:  0 SL:250
CB4D  4C 54 CB  JMP   A:80 X:00 Y:80 P:66 SP:FB CYC:  6 SL:250
CB54  EA        NOP   A:80 X:00 Y:80 P:66 SP:FB CYC: 15 SL:250
CB55  38        SEC   A:80 X:00 Y:80 P:66 SP:FB CYC: 21 SL:250
CB56  B8        CLV   A:80 X:00 Y:80 P:67 SP:FB CYC: 27 SL:250
CB57  A0 9F     LDY   A:80 X:00 Y:80 P:27 SP:FB CYC: 33 SL:250
CB59  F0 09     BEQ   A:80 X:00 Y:9F P:A5 SP:FB CYC: 39 SL:250
CB5B  10 07     BPL   A:80 X:00 Y:9F P:A5 SP:FB CYC: 45 SL:250
CB5D  70 05     BVS   A:80 X:00 Y:9F P:A5 SP:FB CYC: 51 SL:250
CB5F  90 03     BCC   A:80 X:00 Y:9F P:A5 SP:FB CYC: 57 SL:250
CB61  4C 68 CB  JMP   A:80 X:00 Y:9F P:A5 SP:FB CYC: 63 SL:250
CB68  EA        NOP   A:80 X:00 Y:9F P:A5 SP:FB CYC: 72 SL:250
CB69  18        CLC   A:80 X:00 Y:9F P:A5 SP:FB CYC: 78 SL:250
CB6A  24 01     BIT   A:80 X:00 Y:9F P:A4 SP:FB CYC: 84 SL:250
CB6C  A0 00     LDY   A:80 X:00 Y:9F P:E4 SP:FB CYC: 93 SL:250
CB6E  D0 09     BNE   A:80 X:00 Y:00 P:66 SP:FB CYC: 99 SL:250
CB70  30 07     BMI   A:80 X:00 Y:00 P:66 SP:FB CYC:105 SL:250
CB72  50 05     BVC   A:80 X:00 Y:00 P:66 SP:FB CYC:111 SL:250
CB74  B0 03     BCS   A:80 X:00 Y:00 P:66 SP:FB CYC:117 SL:250
CB76  4C 7D CB  JMP   A:80 X:00 Y:00 P:66 SP:FB CYC:123 SL:250
CB7D  EA        NOP   A:80 X:00 Y:00 P:66 SP:FB CYC:132 SL:250
CB7E  A9 55     LDA   A:80 X:00 Y:00 P:66 SP:FB CYC:138 SL:250
CB80  A2 AA     LDX   A:55 X:00 Y:00 P:64 SP:FB CYC:144 SL:250
CB82  A0 33     LDY   A:55 X:AA Y:00 P:E4 SP:FB CYC:150 SL:250
CB84  C9 55     CMP   A:55 X:AA Y:33 P:64 SP:FB CYC:156 SL:250
CB86  D0 23     BNE   A:55 X:AA Y:33 P:67 SP:FB CYC:162 SL:250
CB88  E0 AA     CPX   A:55 X:AA Y:33 P:67 SP:FB CYC:168 SL:250
CB8A  D0 1F     BNE   A:55 X:AA Y:33 P:67 SP:FB CYC:174 SL:250
CB8C  C0 33     CPY   A:55 X:AA Y:33 P:67 SP:FB CYC:180 SL:250
CB8E  D0 1B     BNE   A:55 X:AA Y:33 P:67 SP:FB CYC:186 SL:250
CB90  C9 55     CMP   A:55 X:AA Y:33 P:67 SP:FB CYC:192 SL:250
CB92  D0 17     BNE   A:55 X:AA Y:33 P:67 SP:FB CYC:198 SL:250
CB94  E0 AA     CPX   A:55 X:AA Y:33 P:67 SP:FB CYC:204 SL:250
CB96  D0 13     BNE   A:55 X:AA Y:33 P:67 SP:FB CYC:210 SL:250
CB98  C0 33     CPY   A:55 X:AA Y:33 P:67 SP:FB CYC:216 SL:250
CB9A  D0 0F     BNE   A:55 X:AA Y:33 P:67 SP:FB CYC:222 SL:250
CB9C  C9 56     CMP   A:55 X:AA Y:33 P:67 SP:FB CYC:228 SL:250
CB9E  F0 0B     BEQ   A:55 X:AA Y:33 P:E4 SP:FB CYC:234 SL:250
CBA0  E0 AB     CPX   A:55 X:AA Y:33 P:E4 SP:FB CYC:240 SL:250
CBA2  F0 07     BEQ   A:55 X:AA Y:33 P:E4 SP:FB CYC:246 SL:250
CBA4  C0 34     CPY   A:55 X:AA Y:33 P:E4 SP:FB CYC:252 SL:250
CBA6  F0 03     BEQ   A:55 X:AA Y:33 P:E4 SP:FB CYC:258 SL:250
CBA8  4C AF CB  JMP   A:55 X:AA Y:33 P:E4 SP:FB CYC:264 SL:250
CBAF  A0 71     LDY   A:55 X:AA Y:33 P:E4 SP:FB CYC:273 SL:250
CBB1  20 31 F9  JSR   A:55 X:AA Y:71 P:64 SP:FB CYC:279 SL:250
F931  24 01     BIT   A:55 X:AA Y:71 P:64 SP:F9 CYC:297 SL:250
F933  A9 40     LDA   A:55 X:AA Y:71 P:E4 SP:F9 CYC:306 SL:250
F935  38        SEC   A:40 X:AA Y:71 P:64 SP:F9 CYC:312 SL:250
F936  60        RTS   A:40 X:AA Y:71 P:65 SP:F9 CYC:318 SL:250
CBB4  E9 40     SBC   A:40 X:AA Y:71 P:65 SP:FB CYC:336 SL:250
CBB6  20 37 F9  JSR   A:00 X:AA Y:71 P:27 SP:FB CYC:  1 SL:251
F937  30 0B     BMI   A:00 X:AA Y:71 P:27 SP:F9 CYC: 19 SL:251
F939  90 09     BCC   A:00 X:AA Y:71 P:27 SP:F9 CYC: 25 SL:251
F93B  D0 07     BNE   A:00 X:AA Y:71 P:27 SP:F9 CYC: 31 SL:251
F93D  70 05     BVS   A:00 X:AA Y:71 P:27 SP:F9 CYC: 37 SL:251
F93F  C9 00     CMP   A:00 X:AA Y:71 P:27 SP:F9 CYC: 43 SL:251
F941  D0 01     BNE   A:00 X:AA Y:71 P:27 SP:F9 CYC: 49 SL:251
F943  60        RTS   A:00 X:AA Y:71 P:27 SP:F9 CYC: 55 SL:251
CBB9  C8        INY   A:00 X:AA Y:71 P:27 SP:FB CYC: 73 SL:251
CBBA  20 47 F9  JSR   A:00 X:AA Y:72 P:25 SP:FB CYC: 79 SL:251
F947  B8        CLV   A:00 X:AA Y:72 P:25 SP:F9 CYC: 97 SL:251
F948  38        SEC   A:00 X:AA Y:72 P:25 SP:F9 CYC:103 SL:251
F949  A9 40     LDA   A:00 X:AA Y:72 P:25 SP:F9 CYC:109 SL:251
F94B  60        RTS   A:40 X:AA Y:72 P:25 SP:F9 CYC:115 SL:251
CBBD  E9 3F     SBC   A:40 X:AA Y:72 P:25 SP:FB CYC:133 SL:251
CBBF  20 4C F9  JSR   A:01 X:AA Y:72 P:25 SP:FB CYC:139 SL:251
F94C  F0 0B     BEQ   A:01 X:AA Y:72 P:25 SP:F9 CYC:157 SL:251
F94E  30 09     BMI   A:01 X:AA Y:72 P:25 SP:F9 CYC:163 SL:251
F950  90 07     BCC   A:01 X:AA Y:72 P:25 SP:F9 CYC:169 SL:251
F952  70 05     BVS   A:01 X:AA Y:72 P:25 SP:F9 CYC:175 SL:251
F954  C9 01     CMP   A:01 X:AA Y:72 P:25 SP:F9 CYC:181 SL:251
F956  D0 01     BNE   A:01 X:AA Y:72 P:27 SP:F9 CYC:187 SL:251
F958  60        RTS   A:01 X:AA Y:72 P:27 SP:F9 CYC:193 SL:251
CBC2  C8        INY   A:01 X:AA Y:72 P:27 SP:FB CYC:211 SL:251
CBC3  20 5C F9  JSR   A:01 X:AA Y:73 P:25 SP:FB CYC:217 SL:251
F95C  A9 40     LDA   A:01 X:AA Y:73 P:25 SP:F9 CYC:235 SL:251
F95E  38        SEC   A:40 X:AA Y:73 P:25 SP:F9 CYC:241 SL:251
F95F  24 01     BIT   A:40 X:AA Y:73 P:25 SP:F9 CYC:247 SL:251
F961  60        RTS   A:40 X:AA Y:73 P:E5 SP:F9 CYC:256 SL:251
CBC6  E9 41     SBC   A:40 X:AA Y:73 P:E5 SP:FB CYC:274 SL:251
CBC8  20 62 F9  JSR   A:FF X:AA Y:73 P:A4 SP:FB CYC:280 SL:251
F962  B0 0B     BCS   A:FF X:AA Y:73 P:A4 SP:F9 CYC:298 SL:251
F964  F0 09     BEQ   A:FF X:AA Y:73 P:A4 SP:F9 CYC:304 SL:251
F966  10 07     BPL   A:FF X:AA Y:73 P:A4 SP:F9 CYC:310 SL:251
F968  70 05     BVS   A:FF X:AA Y:73 P:A4 SP:F9 CYC:316 SL:251
F96A  C9 FF     CMP   A:FF X:AA Y:73 P:A4 SP:F9 CYC:322 SL:251
F96C  D0 01     BNE   A:FF X:AA Y:73 P:27 SP:F9 CYC:328 SL:251
F96E  60        RTS   A:FF X:AA Y:73 P:27 SP:F9 CYC:334 SL:251
CBCB  C8        INY   A:FF X:AA Y:73 P:27 SP:FB CYC: 11 SL:252
CBCC  20 72 F9  JSR   A:FF X:AA Y:74 P:25 SP:FB CYC: 17 SL:252
F972  18        CLC   A:FF X:AA Y:74 P:25 SP:F9 CYC: 35 SL:252
F973  A9 80     LDA   A:FF X:AA Y:74 P:24 SP:F9 CYC: 41 SL:252
F975  60        RTS   A:80 X:AA Y:74 P:A4 SP:F9 CYC: 47 SL:252
CBCF  E9 00     SBC   A:80 X:AA Y:74 P:A4 SP:FB CYC: 65 SL:252
CBD1  20 76 F9  JSR   A:7F X:AA Y:74 P:65 SP:FB CYC: 71 SL:252
F976  90 05     BCC   A:7F X:AA Y:74 P:65 SP:F9 CYC: 89 SL:252
F978  C9 7F     CMP   A:7F X:AA Y:74 P:65 SP:F9 CYC: 95 SL:252
F97A  D0 01     BNE   A:7F X:AA Y:74 P:67 SP:F9 CYC:101 SL:252
F97C  60        RTS   A:7F X:AA Y:74 P:67 SP:F9 CYC:107 SL:252
CBD4  C8        INY   A:7F X:AA Y:74 P:67 SP:FB CYC:125 SL:252
CBD5  20 80 F9  JSR   A:7F X:AA Y:75 P:65 SP:FB CYC:131 SL:252
F980  38        SEC   A:7F X:AA Y:75 P:65 SP:F9 CYC:149 SL:252
F981  A9 81     LDA   A:7F X:AA Y:75 P:65 SP:F9 CYC:155 SL:252
F983  60        RTS   A:81 X:AA Y:75 P:E5 SP:F9 CYC:161 SL:252
CBD8  E9 7F     SBC   A:81 X:AA Y:75 P:E5 SP:FB CYC:179 SL:252
CBDA  20 84 F9  JSR   A:02 X:AA Y:75 P:65 SP:FB CYC:185 SL:252
F984  50 07     BVC   A:02 X:AA Y:75 P:65 SP:F9 CYC:203 SL:252
F986  90 05     BCC   A:02 X:AA Y:75 P:65 SP:F9 CYC:209 SL:252
F988  C9 02     CMP   A:02 X:AA Y:75 P:65 SP:F9 CYC:215 SL:252
F98A  D0 01     BNE   A:02 X:AA Y:75 P:67 SP:F9 CYC:221 SL:252
F98C  60        RTS   A:02 X:AA Y:75 P:67 SP:F9 CYC:227 SL:252
CBDD  60        RTS   A:02 X:AA Y:75 P:67 SP:FB CYC:245 SL:252
C606  20 DE CB  JSR   A:02 X:AA Y:75 P:67 SP:FD CYC:263 SL:252
CBDE  EA        NOP   A:02 X:AA Y:75 P:67 SP:FB CYC:281 SL:252
CBDF  A9 FF     LDA   A:02 X:AA Y:75 P:67 SP:FB CYC:287 SL:252
CBE1  85 01     STA   A:FF X:AA Y:75 P:E5 SP:FB CYC:293 SL:252
CBE3  A9 44     LDA   A:FF X:AA Y:75 P:E5 SP:FB CYC:302 SL:252
CBE5  A2 55     LDX   A:44 X:AA Y:75 P:65 SP:FB CYC:308 SL:252
CBE7  A0 66     LDY   A:44 X:55 Y:75 P:65 SP:FB CYC:314 SL:252
CBE9  E8        INX   A:44 X:55 Y:66 P:65 SP:FB CYC:320 SL:252
CBEA  88        DEY   A:44 X:56 Y:66 P:65 SP:FB CYC:326 SL:252
CBEB  E0 56     CPX   A:44 X:56 Y:65 P:65 SP:FB CYC:332 SL:252
CBED  D0 21     BNE   A:44 X:56 Y:65 P:67 SP:FB CYC:338 SL:252
CBEF  C0 65     CPY   A:44 X:56 Y:65 P:67 SP:FB CYC:  3 SL:253
CBF1  D0 1D     BNE   A:44 X:56 Y:65 P:67 SP:FB CYC:  9 SL:253
CBF3  E8        INX   A:44 X:56 Y:65 P:67 SP:FB CYC: 15 SL:253
CBF4  E8        INX   A:44 X:57 Y:65 P:65 SP:FB CYC: 21 SL:253
CBF5  88        DEY   A:44 X:58 Y:65 P:65 SP:FB CYC: 27 SL:253
CBF6  88        DEY   A:44 X:58 Y:64 P:65 SP:FB CYC: 33 SL:253
CBF7  E0 58     CPX   A:44 X:58 Y:63 P:65 SP:FB CYC: 39 SL:253
CBF9  D0 15     BNE   A:44 X:58 Y:63 P:67 SP:FB CYC: 45 SL:253
CBFB  C0 63     CPY   A:44 X:58 Y:63 P:67 SP:FB CYC: 51 SL:253
CBFD  D0 11     BNE   A:44 X:58 Y:63 P:67 SP:FB CYC: 57 SL:253
CBFF  CA        DEX   A:44 X:58 Y:63 P:67 SP:FB CYC: 63 SL:253
CC00  C8        INY   A:44 X:57 Y:63 P:65 SP:FB CYC: 69 SL:253
CC01  E0 57     CPX   A:44 X:57 Y:64 P:65 SP:FB CYC: 75 SL:253
CC03  D0 0B     BNE   A:44 X:57 Y:64 P:67 SP:FB CYC: 81 SL:253
CC05  C0 64     CPY   A:44 X:57 Y:64 P:67 SP:FB CYC: 87 SL:253
CC07  D0 07     BNE   A:44 X:57 Y:64 P:67 SP:FB CYC: 93 SL:253
CC09  C9 44     CMP   A:44 X:57 Y:64 P:67 SP:FB CYC: 99 SL:253
CC0B  D0 03     BNE   A:44 X:57 Y:64 P:67 SP:FB CYC:105 SL:253
CC0D  4C 14 CC  JMP   A:44 X:57 Y:64 P:67 SP:FB CYC:111 SL:253
CC14  EA        NOP   A:44 X:57 Y:64 P:67 SP:FB CYC:120 SL:253
CC15  38        SEC   A:44 X:57 Y:64 P:67 SP:FB CYC:126 SL:253
CC16  A2 69     LDX   A:44 X:57 Y:64 P:67 SP:FB CYC:132 SL:253
CC18  A9 96     LDA   A:44 X:69 Y:64 P:65 SP:FB CYC:138 SL:253
CC1A  24 01     BIT   A:96 X:69 Y:64 P:E5 SP:FB CYC:144 SL:253
CC1C  A0 FF     LDY   A:96 X:69 Y:64 P:E5 SP:FB CYC:153 SL:253
CC1E  C8        INY   A:96 X:69 Y:FF P:E5 SP:FB CYC:159 SL:253
CC1F  D0 3D     BNE   A:96 X:69 Y:00 P:67 SP:FB CYC:165 SL:253
CC21  30 3B     BMI   A:96 X:69 Y:00 P:67 SP:FB CYC:171 SL:253
CC23  90 39     BCC   A:96 X:69 Y:00 P:67 SP:FB CYC:177 SL:253
CC25  50 37     BVC   A:96 X:69 Y:00 P:67 SP:FB CYC:183 SL:253
CC27  C0 00     CPY   A:96 X:69 Y:00 P:67 SP:FB CYC:189 SL:253
CC29  D0 33     BNE   A:96 X:69 Y:00 P:67 SP:FB CYC:195 SL:253
CC2B  C8        INY   A:96 X:69 Y:00 P:67 SP:FB CYC:201 SL:253
CC2C  F0 30     BEQ   A:96 X:69 Y:01 P:65 SP:FB CYC:207 SL:253
CC2E  30 2E     BMI   A:96 X:69 Y:01 P:65 SP:FB CYC:213 SL:253
CC30  90 2C     BCC   A:96 X:69 Y:01 P:65 SP:FB CYC:219 SL:253
CC32  50 2A     BVC   A:96 X:69 Y:01 P:65 SP:FB CYC:225 SL:253
CC34  18        CLC   A:96 X:69 Y:01 P:65 SP:FB CYC:231 SL:253
CC35  B8        CLV   A:96 X:69 Y:01 P:64 SP:FB CYC:237 SL:253
CC36  A0 00     LDY   A:96 X:69 Y:01 P:24 SP:FB CYC:243 SL:253
CC38  88        DEY   A:96 X:69 Y:00 P:26 SP:FB CYC:249 SL:253
CC39  F0 23     BEQ   A:96 X:69 Y:FF P:A4 SP:FB CYC:255 SL:253
CC3B  10 21     BPL   A:96 X:69 Y:FF P:A4 SP:FB CYC:261 SL:253
CC3D  B0 1F     BCS   A:96 X:69 Y:FF P:A4 SP:FB CYC:267 SL:253
CC3F  70 1D     BVS   A:96 X:69 Y:FF P:A4 SP:FB CYC:273 SL:253
CC41  C0 FF     CPY   A:96 X:69 Y:FF P:A4 SP:FB CYC:279 SL:253
CC43  D0 19     BNE   A:96 X:69 Y:FF P:27 SP:FB CYC:285 SL:253
CC45  18        CLC   A:96 X:69 Y:FF P:27 SP:FB CYC:291 SL:253
CC46  88        DEY   A:96 X:69 Y:FF P:26 SP:FB CYC:297 SL:253
CC47  F0 15     BEQ   A:96 X:69 Y:FE P:A4 SP:FB CYC:303 SL:253
CC49  10 13     BPL   A:96 X:69 Y:FE P:A4 SP:FB CYC:309 SL:253
CC4B  B0 11     BCS   A:96 X:69 Y:FE P:A4 SP:FB CYC:315 SL:253
CC4D  70 0F     BVS   A:96 X:69 Y:FE P:A4 SP:FB CYC:321 SL:253
CC4F  C0 FE     CPY   A:96 X:69 Y:FE P:A4 SP:FB CYC:327 SL:253
CC51  D0 0B     BNE   A:96 X:69 Y:FE P:27 SP:FB CYC:333 SL:253
CC53  C9 96     CMP   A:96 X:69 Y:FE P:27 SP:FB CYC:339 SL:253
CC55  D0 07     BNE   A:96 X:69 Y:FE P:27 SP:FB CYC:  4 SL:254
CC57  E0 69     CPX   A:96 X:69 Y:FE P:27 SP:FB CYC: 10 SL:254
CC59  D0 03     BNE   A:96 X:69 Y:FE P:27 SP:FB CYC: 16 SL:254
CC5B  4C 62 CC  JMP   A:96 X:69 Y:FE P:27 SP:FB CYC: 22 SL:254
CC62  EA        NOP   A:96 X:69 Y:FE P:27 SP:FB CYC: 31 SL:254
CC63  38        SEC   A:96 X:69 Y:FE P:27 SP:FB CYC: 37 SL:254
CC64  A0 69     LDY   A:96 X:69 Y:FE P:27 SP:FB CYC: 43 SL:254
CC66  A9 96     LDA   A:96 X:69 Y:69 P:25 SP:FB CYC: 49 SL:254
CC68  24 01     BIT   A:96 X:69 Y:69 P:A5 SP:FB CYC: 55 SL:254
CC6A  A2 FF     LDX   A:96 X:69 Y:69 P:E5 SP:FB CYC: 64 SL:254
CC6C  E8        INX   A:96 X:FF Y:69 P:E5 SP:FB CYC: 70 SL:254
CC6D  D0 3D     BNE   A:96 X:00 Y:69 P:67 SP:FB CYC: 76 SL:254
CC6F  30 3B     BMI   A:96 X:00 Y:69 P:67 SP:FB CYC: 82 SL:254
CC71  90 39     BCC   A:96 X:00 Y:69 P:67 SP:FB CYC: 88 SL:254
CC73  50 37     BVC   A:96 X:00 Y:69 P:67 SP:FB CYC: 94 SL:254
CC75  E0 00     CPX   A:96 X:00 Y:69 P:67 SP:FB CYC:100 SL:254
CC77  D0 33     BNE   A:96 X:00 Y:69 P:67 SP:FB CYC:106 SL:254
CC79  E8        INX   A:96 X:00 Y:69 P:67 SP:FB CYC:112 SL:254
CC7A  F0 30     BEQ   A:96 X:01 Y:69 P:65 SP:FB CYC:118 SL:254
CC7C  30 2E     BMI   A:96 X:01 Y:69 P:65 SP:FB CYC:124 SL:254
CC7E  90 2C     BCC   A:96 X:01 Y:69 P:65 SP:FB CYC:130 SL:254
CC80  50 2A     BVC   A:96 X:01 Y:69 P:65 SP:FB CYC:136 SL:254
CC82  18        CLC   A:96 X:01 Y:69 P:65 SP:FB CYC:142 SL:254
CC83  B8        CLV   A:96 X:01 Y:69 P:64 SP:FB CYC:148 SL:254
CC84  A2 00     LDX   A:96 X:01 Y:69 P:24 SP:FB CYC:154 SL:254
CC86  CA        DEX   A:96 X:00 Y:69 P:26 SP:FB CYC:160 SL:254
CC87  F0 23     BEQ   A:96 X:FF Y:69 P:A4 SP:FB CYC:166 SL:254
CC89  10 21     BPL   A:96 X:FF Y:69 P:A4 SP:FB CYC:172 SL:254
CC8B  B0 1F     BCS   A:96 X:FF Y:69 P:A4 SP:FB CYC:178 SL:254
CC8D  70 1D     BVS   A:96 X:FF Y:69 P:A4 SP:FB CYC:184 SL:254
CC8F  E0 FF     CPX   A:96 X:FF Y:69 P:A4 SP:FB CYC:190 SL:254
CC91  D0 19     BNE   A:96 X:FF Y:69 P:27 SP:FB CYC:196 SL:254
CC93  18        CLC   A:96 X:FF Y:69 P:27 SP:FB CYC:202 SL:254
CC94  CA        DEX   A:96 X:FF Y:69 P:26 SP:FB CYC:208 SL:254
CC95  F0 15     BEQ   A:96 X:FE Y:69 P:A4 SP:FB CYC:214 SL:254
CC97  10 13     BPL   A:96 X:FE Y:69 P:A4 SP:FB CYC:220 SL:254
CC99  B0 11     BCS   A:96 X:FE Y:69 P:A4 SP:FB CYC:226 SL:254
CC9B  70 0F     BVS   A:96 X:FE Y:69 P:A4 SP:FB CYC:232 SL:254
CC9D  E0 FE     CPX   A:96 X:FE Y:69 P:A4 SP:FB CYC:238 SL:254
CC9F  D0 0B     BNE   A:96 X:FE Y:69 P:27 SP:FB CYC:244 SL:254
CCA1  C9 96     CMP   A:96 X:FE Y:69 P:27 SP:FB CYC:250 SL:254
CCA3  D0 07     BNE   A:96 X:FE Y:69 P:27 SP:FB CYC:256 SL:254
CCA5  C0 69     CPY   A:96 X:FE Y:69 P:27 SP:FB CYC:262 SL:254
CCA7  D0 03     BNE   A:96 X:FE Y:69 P:27 SP:FB CYC:268 SL:254
CCA9  4C B0 CC  JMP   A:96 X:FE Y:69 P:27 SP:FB CYC:274 SL:254
CCB0  EA        NOP   A:96 X:FE Y:69 P:27 SP:FB CYC:283 SL:254
CCB1  A9 85     LDA   A:96 X:FE Y:69 P:27 SP:FB CYC:289 SL:254
CCB3  A2 34     LDX   A:85 X:FE Y:69 P:A5 SP:FB CYC:295 SL:254
CCB5  A0 99     LDY   A:85 X:34 Y:69 P:25 SP:FB CYC:301 SL:254
CCB7  18        CLC   A:85 X:34 Y:99 P:A5 SP:FB CYC:307 SL:254
CCB8  24 01     BIT   A:85 X:34 Y:99 P:A4 SP:FB CYC:313 SL:254
CCBA  A8        TAY   A:85 X:34 Y:99 P:E4 SP:FB CYC:322 SL:254
CCBB  F0 2E     BEQ   A:85 X:34 Y:85 P:E4 SP:FB CYC:328 SL:254
CCBD  B0 2C     BCS   A:85 X:34 Y:85 P:E4 SP:FB CYC:334 SL:254
CCBF  50 2A     BVC   A:85 X:34 Y:85 P:E4 SP:FB CYC:340 SL:254
CCC1  10 28     BPL   A:85 X:34 Y:85 P:E4 SP:FB CYC:  5 SL:255
CCC3  C9 85     CMP   A:85 X:34 Y:85 P:E4 SP:FB CYC: 11 SL:255
CCC5  D0 24     BNE   A:85 X:34 Y:85 P:67 SP:FB CYC: 17 SL:255
CCC7  E0 34     CPX   A:85 X:34 Y:85 P:67 SP:FB CYC: 23 SL:255
CCC9  D0 20     BNE   A:85 X:34 Y:85 P:67 SP:FB CYC: 29 SL:255
CCCB  C0 85     CPY   A:85 X:34 Y:85 P:67 SP:FB CYC: 35 SL:255
CCCD  D0 1C     BNE   A:85 X:34 Y:85 P:67 SP:FB CYC: 41 SL:255
CCCF  A9 00     LDA   A:85 X:34 Y:85 P:67 SP:FB CYC: 47 SL:255
CCD1  38        SEC   A:00 X:34 Y:85 P:67 SP:FB CYC: 53 SL:255
CCD2  B8        CLV   A:00 X:34 Y:85 P:67 SP:FB CYC: 59 SL:255
CCD3  A8        TAY   A:00 X:34 Y:85 P:27 SP:FB CYC: 65 SL:255
CCD4  D0 15     BNE   A:00 X:34 Y:00 P:27 SP:FB CYC: 71 SL:255
CCD6  90 13     BCC   A:00 X:34 Y:00 P:27 SP:FB CYC: 77 SL:255
CCD8  70 11     BVS   A:00 X:34 Y:00 P:27 SP:FB CYC: 83 SL:255
CCDA  30 0F     BMI   A:00 X:34 Y:00 P:27 SP:FB CYC: 89 SL:255
CCDC  C9 00     CMP   A:00 X:34 Y:00 P:27 SP:FB CYC: 95 SL:255
CCDE  D0 0B     BNE   A:00 X:34 Y:00 P:27 SP:FB CYC:101 SL:255
CCE0  E0 34     CPX   A:00 X:34 Y:00 P:27 SP:FB CYC:107 SL:255
CCE2  D0 07     BNE   A:00 X:34 Y:00 P:27 SP:FB CYC:113 SL:255
CCE4  C0 00     CPY   A:00 X:34 Y:00 P:27 SP:FB CYC:119 SL:255
CCE6  D0 03     BNE   A:00 X:34 Y:00 P:27 SP:FB CYC:125 SL:255
CCE8  4C EF CC  JMP   A:00 X:34 Y:00 P:27 SP:FB CYC:131 SL:255
CCEF  EA        NOP   A:00 X:34 Y:00 P:27 SP:FB CYC:140 SL:255
CCF0  A9 85     LDA   A:00 X:34 Y:00 P:27 SP:FB CYC:146 SL:255
CCF2  A2 34     LDX   A:85 X:34 Y:00 P:A5 SP:FB CYC:152 SL:255
CCF4  A0 99     LDY   A:85 X:34 Y:00 P:25 SP:FB CYC:158 SL:255
CCF6  18        CLC   A:85 X:34 Y:99 P:A5 SP:FB CYC:164 SL:255
CCF7  24 01     BIT   A:85 X:34 Y:99 P:A4 SP:FB CYC:170 SL:255
CCF9  AA        TAX   A:85 X:34 Y:99 P:E4 SP:FB CYC:179 SL:255
CCFA  F0 2E     BEQ   A:85 X:85 Y:99 P:E4 SP:FB CYC:185 SL:255
CCFC  B0 2C     BCS   A:85 X:85 Y:99 P:E4 SP:FB CYC:191 SL:255
CCFE  50 2A     BVC   A:85 X:85 Y:99 P:E4 SP:FB CYC:197 SL:255
CD00  10 28     BPL   A:85 X:85 Y:99 P:E4 SP:FB CYC:203 SL:255
CD02  C9 85     CMP   A:85 X:85 Y:99 P:E4 SP:FB CYC:209 SL:255
CD04  D0 24     BNE   A:85 X:85 Y:99 P:67 SP:FB CYC:215 SL:255
CD06  E0 85     CPX   A:85 X:85 Y:99 P:67 SP:FB CYC:221 SL:255
CD08  D0 20     BNE   A:85 X:85 Y:99 P:67 SP:FB CYC:227 SL:255
CD0A  C0 99     CPY   A:85 X:85 Y:99 P:67 SP:FB CYC:233 SL:255
CD0C  D0 1C     BNE   A:85 X:85 Y:99 P:67 SP:FB CYC:239 SL:255
CD0E  A9 00     LDA   A:85 X:85 Y:99 P:67 SP:FB CYC:245 SL:255
CD10  38        SEC   A:00 X:85 Y:99 P:67 SP:FB CYC:251 SL:255
CD11  B8        CLV   A:00 X:85 Y:99 P:67 SP:FB CYC:257 SL:255
CD12  AA        TAX   A:00 X:85 Y:99 P:27 SP:FB CYC:263 SL:255
CD13  D0 15     BNE   A:00 X:00 Y:99 P:27 SP:FB CYC:269 SL:255
CD15  90 13     BCC   A:00 X:00 Y:99 P:27 SP:FB CYC:275 SL:255
CD17  70 11     BVS   A:00 X:00 Y:99 P:27 SP:FB CYC:281 SL:255
CD19  30 0F     BMI   A:00 X:00 Y:99 P:27 SP:FB CYC:287 SL:255
CD1B  C9 00     CMP   A:00 X:00 Y:99 P:27 SP:FB CYC:293 SL:255
CD1D  D0 0B     BNE   A:00 X:00 Y:99 P:27 SP:FB CYC:299 SL:255
CD1F  E0 00     CPX   A:00 X:00 Y:99 P:27 SP:FB CYC:305 SL:255
CD21  D0 07     BNE   A:00 X:00 Y:99 P:27 SP:FB CYC:311 SL:255
CD23  C0 99     CPY   A:00 X:00 Y:99 P:27 SP:FB CYC:317 SL:255
CD25  D0 03     BNE   A:00 X:00 Y:99 P:27 SP:FB CYC:323 SL:255
CD27  4C 2E CD  JMP   A:00 X:00 Y:99 P:27 SP:FB CYC:329 SL:255
CD2E  EA        NOP   A:00 X:00 Y:99 P:27 SP:FB CYC:338 SL:255
CD2F  A9 85     LDA   A:00 X:00 Y:99 P:27 SP:FB CYC:  3 SL:256
CD31  A2 34     LDX   A:85 X:00 Y:99 P:A5 SP:FB CYC:  9 SL:256
CD33  A0 99     LDY   A:85 X:34 Y:99 P:25 SP:FB CYC: 15 SL:256
CD35  18        CLC   A:85 X:34 Y:99 P:A5 SP:FB CYC: 21 SL:256
CD36  24 01     BIT   A:85 X:34 Y:99 P:A4 SP:FB CYC: 27 SL:256
CD38  98        TYA   A:85 X:34 Y:99 P:E4 SP:FB CYC: 36 SL:256
CD39  F0 2E     BEQ   A:99 X:34 Y:99 P:E4 SP:FB CYC: 42 SL:256
CD3B  B0 2C     BCS   A:99 X:34 Y:99 P:E4 SP:FB CYC: 48 SL:256
CD3D  50 2A     BVC   A:99 X:34 Y:99 P:E4 SP:FB CYC: 54 SL:256
CD3F  10 28     BPL   A:99 X:34 Y:99 P:E4 SP:FB CYC: 60 SL:256
CD41  C9 99     CMP   A:99 X:34 Y:99 P:E4 SP:FB CYC: 66 SL:256
CD43  D0 24     BNE   A:99 X:34 Y:99 P:67 SP:FB CYC: 72 SL:256
CD45  E0 34     CPX   A:99 X:34 Y:99 P:67 SP:FB CYC: 78 SL:256
CD47  D0 20     BNE   A:99 X:34 Y:99 P:67 SP:FB CYC: 84 SL:256
CD49  C0 99     CPY   A:99 X:34 Y:99 P:67 SP:FB CYC: 90 SL:256
CD4B  D0 1C     BNE   A:99 X:34 Y:99 P:67 SP:FB CYC: 96 SL:256
CD4D  A0 00     LDY   A:99 X:34 Y:99 P:67 SP:FB CYC:102 SL:256
CD4F  38        SEC   A:99 X:34 Y:00 P:67 SP:FB CYC:108 SL:256
CD50  B8        CLV   A:99 X:34 Y:00 P:67 SP:FB CYC:114 SL:256
CD51  98        TYA   A:99 X:34 Y:00 P:27 SP:FB CYC:120 SL:256
CD52  D0 15     BNE   A:00 X:34 Y:00 P:27 SP:FB CYC:126 SL:256
CD54  90 13     BCC   A:00 X:34 Y:00 P:27 SP:FB CYC:132 SL:256
CD56  70 11     BVS   A:00 X:34 Y:00 P:27 SP:FB CYC:138 SL:256
CD58  30 0F     BMI   A:00 X:34 Y:00 P:27 SP:FB CYC:144 SL:256
CD5A  C9 00     CMP   A:00 X:34 Y:00 P:27 SP:FB CYC:150 SL:256
CD5C  D0 0B     BNE   A:00 X:34 Y:00 P:27 SP:FB CYC:156 SL:256
CD5E  E0 34     CPX   A:00 X:34 Y:00 P:27 SP:FB CYC:162 SL:256
CD60  D0 07     BNE   A:00 X:34 Y:00 P:27 SP:FB CYC:168 SL:256
CD62  C0 00     CPY   A:00 X:34 Y:00 P:27 SP:FB CYC:174 SL:256
CD64  D0 03     BNE   A:00 X:34 Y:00 P:27 SP:FB CYC:180 SL:256
CD66  4C 6D CD  JMP   A:00 X:34 Y:00 P:27 SP:FB CYC:186 SL:256
CD6D  EA        NOP   A:00 X:34 Y:00 P:27 SP:FB CYC:195 SL:256
CD6E  A9 85     LDA   A:00 X:34 Y:00 P:27 SP:FB CYC:201 SL:256
CD70  A2 34     LDX   A:85 X:34 Y:00 P:A5 SP:FB CYC:207 SL:256
CD72  A0 99     LDY   A:85 X:34 Y:00 P:25 SP:FB CYC:213 SL:256
CD74  18        CLC   A:85 X:34 Y:99 P:A5 SP:FB CYC:219 SL:256
CD75  24 01     BIT   A:85 X:34 Y:99 P:A4 SP:FB CYC:225 SL:256
CD77  8A        TXA   A:85 X:34 Y:99 P:E4 SP:FB CYC:234 SL:256
CD78  F0 2E     BEQ   A:34 X:34 Y:99 P:64 SP:FB CYC:240 SL:256
CD7A  B0 2C     BCS   A:34 X:34 Y:99 P:64 SP:FB CYC:246 SL:256
CD7C  50 2A     BVC   A:34 X:34 Y:99 P:64 SP:FB CYC:252 SL:256
CD7E  30 28     BMI   A:34 X:34 Y:99 P:64 SP:FB CYC:258 SL:256
CD80  C9 34     CMP   A:34 X:34 Y:99 P:64 SP:FB CYC:264 SL:256
CD82  D0 24     BNE   A:34 X:34 Y:99 P:67 SP:FB CYC:270 SL:256
CD84  E0 34     CPX   A:34 X:34 Y:99 P:67 SP:FB CYC:276 SL:256
CD86  D0 20     BNE   A:34 X:34 Y:99 P:67 SP:FB CYC:282 SL:256
CD88  C0 99     CPY   A:34 X:34 Y:99 P:67 SP:FB CYC:288 SL:256
CD8A  D0 1C     BNE   A:34 X:34 Y:99 P:67 SP:FB CYC:294 SL:256
CD8C  A2 00     LDX   A:34 X:34 Y:99 P:67 SP:FB CYC:300 SL:256
CD8E  38        SEC   A:34 X:00 Y:99 P:67 SP:FB CYC:306 SL:256
CD8F  B8        CLV   A:34 X:00 Y:99 P:67 SP:FB CYC:312 SL:256
CD90  8A        TXA   A:34 X:00 Y:99 P:27 SP:FB CYC:318 SL:256
CD91  D0 15     BNE   A:00 X:00 Y:99 P:27 SP:FB CYC:324 SL:256
CD93  90 13     BCC   A:00 X:00 Y:99 P:27 SP:FB CYC:330 SL:256
CD95  70 11     BVS   A:00 X:00 Y:99 P:27 SP:FB CYC:336 SL:256
CD97  30 0F     BMI   A:00 X:00 Y:99 P:27 SP:FB CYC:  1 SL:257
CD99  C9 00     CMP   A:00 X:00 Y:99 P:27 SP:FB CYC:  7 SL:257
CD9B  D0 0B     BNE   A:00 X:00 Y:99 P:27 SP:FB CYC: 13 SL:257
CD9D  E0 00     CPX   A:00 X:00 Y:99 P:27 SP:FB CYC: 19 SL:257
CD9F  D0 07     BNE   A:00 X:00 Y:99 P:27 SP:FB CYC: 25 SL:257
CDA1  C0 99     CPY   A:00 X:00 Y:99 P:27 SP:FB CYC: 31 SL:257
CDA3  D0 03     BNE   A:00 X:00 Y:99 P:27 SP:FB CYC: 37 SL:257
CDA5  4C AC CD  JMP   A:00 X:00 Y:99 P:27 SP:FB CYC: 43 SL:257
CDAC  EA        NOP   A:00 X:00 Y:99 P:27 SP:FB CYC: 52 SL:257
CDAD  BA        TSX   A:00 X:00 Y:99 P:27 SP:FB CYC: 58 SL:257
CDAE  8E FF 07  STX   A:00 X:FB Y:99 P:A5 SP:FB CYC: 64 SL:257
CDB1  A0 33     LDY   A:00 X:FB Y:99 P:A5 SP:FB CYC: 76 SL:257
CDB3  A2 69     LDX   A:00 X:FB Y:33 P:25 SP:FB CYC: 82 SL:257
CDB5  A9 84     LDA   A:00 X:69 Y:33 P:25 SP:FB CYC: 88 SL:257
CDB7  18        CLC   A:84 X:69 Y:33 P:A5 SP:FB CYC: 94 SL:257
CDB8  24 01     BIT   A:84 X:69 Y:33 P:A4 SP:FB CYC:100 SL:257
CDBA  9A        TXS   A:84 X:69 Y:33 P:E4 SP:FB CYC:109 SL:257
CDBB  F0 32     BEQ   A:84 X:69 Y:33 P:E4 SP:69 CYC:115 SL:257
CDBD  10 30     BPL   A:84 X:69 Y:33 P:E4 SP:69 CYC:121 SL:257
CDBF  B0 2E     BCS   A:84 X:69 Y:33 P:E4 SP:69 CYC:127 SL:257
CDC1  50 2C     BVC   A:84 X:69 Y:33 P:E4 SP:69 CYC:133 SL:257
CDC3  C9 84     CMP   A:84 X:69 Y:33 P:E4 SP:69 CYC:139 SL:257
CDC5  D0 28     BNE   A:84 X:69 Y:33 P:67 SP:69 CYC:145 SL:257
CDC7  E0 69     CPX   A:84 X:69 Y:33 P:67 SP:69 CYC:151 SL:257
CDC9  D0 24     BNE   A:84 X:69 Y:33 P:67 SP:69 CYC:157 SL:257
CDCB  C0 33     CPY   A:84 X:69 Y:33 P:67 SP:69 CYC:163 SL:257
CDCD  D0 20     BNE   A:84 X:69 Y:33 P:67 SP:69 CYC:169 SL:257
CDCF  A0 01     LDY   A:84 X:69 Y:33 P:67 SP:69 CYC:175 SL:257
CDD1  A9 04     LDA   A:84 X:69 Y:01 P:65 SP:69 CYC:181 SL:257
CDD3  38        SEC   A:04 X:69 Y:01 P:65 SP:69 CYC:187 SL:257
CDD4  B8        CLV   A:04 X:69 Y:01 P:65 SP:69 CYC:193 SL:257
CDD5  A2 00     LDX   A:04 X:69 Y:01 P:25 SP:69 CYC:199 SL:257
CDD7  BA        TSX   A:04 X:00 Y:01 P:27 SP:69 CYC:205 SL:257
CDD8  F0 15     BEQ   A:04 X:69 Y:01 P:25 SP:69 CYC:211 SL:257
CDDA  30 13     BMI   A:04 X:69 Y:01 P:25 SP:69 CYC:217 SL:257
CDDC  90 11     BCC   A:04 X:69 Y:01 P:25 SP:69 CYC:223 SL:257
CDDE  70 0F     BVS   A:04 X:69 Y:01 P:25 SP:69 CYC:229 SL:257
CDE0  E0 69     CPX   A:04 X:69 Y:01 P:25 SP:69 CYC:235 SL:257
CDE2  D0 0B     BNE   A:04 X:69 Y:01 P:27 SP:69 CYC:241 SL:257
CDE4  C9 04     CMP   A:04 X:69 Y:01 P:27 SP:69 CYC:247 SL:257
CDE6  D0 07     BNE   A:04 X:69 Y:01 P:27 SP:69 CYC:253 SL:257
CDE8  C0 01     CPY   A:04 X:69 Y:01 P:27 SP:69 CYC:259 SL:257
CDEA  D0 03     BNE   A:04 X:69 Y:01 P:27 SP:69 CYC:265 SL:257
CDEC  4C F3 CD  JMP   A:04 X:69 Y:01 P:27 SP:69 CYC:271 SL:257
CDF3  AE FF 07  LDX   A:04 X:69 Y:01 P:27 SP:69 CYC:280 SL:257
CDF6  9A        TXS   A:04 X:FB Y:01 P:A5 SP:69 CYC:292 SL:257
CDF7  60        RTS   A:04 X:FB Y:01 P:A5 SP:FB CYC:298 SL:257
C609  20 F8 CD  JSR   A:04 X:FB Y:01 P:A5 SP:FD CYC:316 SL:257
CDF8  A9 FF     LDA   A:04 X:FB Y:01 P:A5 SP:FB CYC:334 SL:257
CDFA  85 01     STA   A:FF X:FB Y:01 P:A5 SP:FB CYC:340 SL:257
CDFC  BA        TSX   A:FF X:FB Y:01 P:A5 SP:FB CYC:  8 SL:258
CDFD  8E FF 07  STX   A:FF X:FB Y:01 P:A5 SP:FB CYC: 14 SL:258
CE00  EA        NOP   A:FF X:FB Y:01 P:A5 SP:FB CYC: 26 SL:258
CE01  A2 80     LDX   A:FF X:FB Y:01 P:A5 SP:FB CYC: 32 SL:258
CE03  9A        TXS   A:FF X:80 Y:01 P:A5 SP:FB CYC: 38 SL:258
CE04  A9 33     LDA   A:FF X:80 Y:01 P:A5 SP:80 CYC: 44 SL:258
CE06  48        PHA   A:33 X:80 Y:01 P:25 SP:80 CYC: 50 SL:258
CE07  A9 69     LDA   A:33 X:80 Y:01 P:25 SP:7F CYC: 59 SL:258
CE09  48        PHA   A:69 X:80 Y:01 P:25 SP:7F CYC: 65 SL:258
CE0A  BA        TSX   A:69 X:80 Y:01 P:25 SP:7E CYC: 74 SL:258
CE0B  E0 7E     CPX   A:69 X:7E Y:01 P:25 SP:7E CYC: 80 SL:258
CE0D  D0 20     BNE   A:69 X:7E Y:01 P:27 SP:7E CYC: 86 SL:258
CE0F  68        PLA   A:69 X:7E Y:01 P:27 SP:7E CYC: 92 SL:258
CE10  C9 69     CMP   A:69 X:7E Y:01 P:25 SP:7F CYC:104 SL:258
CE12  D0 1B     BNE   A:69 X:7E Y:01 P:27 SP:7F CYC:110 SL:258
CE14  68        PLA   A:69 X:7E Y:01 P:27 SP:7F CYC:116 SL:258
CE15  C9 33     CMP   A:33 X:7E Y:01 P:25 SP:80 CYC:128 SL:258
CE17  D0 16     BNE   A:33 X:7E Y:01 P:27 SP:80 CYC:134 SL:258
CE19  BA        TSX   A:33 X:7E Y:01 P:27 SP:80 CYC:140 SL:258
CE1A  E0 80     CPX   A:33 X:80 Y:01 P:A5 SP:80 CYC:146 SL:258
CE1C  D0 11     BNE   A:33 X:80 Y:01 P:27 SP:80 CYC:152 SL:258
CE1E  AD 80 01  LDA   A:33 X:80 Y:01 P:27 SP:80 CYC:158 SL:258
CE21  C9 33     CMP   A:33 X:80 Y:01 P:25 SP:80 CYC:170 SL:258
CE23  D0 0A     BNE   A:33 X:80 Y:01 P:27 SP:80 CYC:176 SL:258
CE25  AD 7F 01  LDA   A:33 X:80 Y:01 P:27 SP:80 CYC:182 SL:258
CE28  C9 69     CMP   A:69 X:80 Y:01 P:25 SP:80 CYC:194 SL:258
CE2A  D0 03     BNE   A:69 X:80 Y:01 P:27 SP:80 CYC:200 SL:258
CE2C  4C 33 CE  JMP   A:69 X:80 Y:01 P:27 SP:80 CYC:206 SL:258
CE33  EA        NOP   A:69 X:80 Y:01 P:27 SP:80 CYC:215 SL:258
CE34  A2 80     LDX   A:69 X:80 Y:01 P:27 SP:80 CYC:221 SL:258
CE36  9A        TXS   A:69 X:80 Y:01 P:A5 SP:80 CYC:227 SL:258
CE37  20 3D CE  JSR   A:69 X:80 Y:01 P:A5 SP:80 CYC:233 SL:258
CE3D  BA        TSX   A:69 X:80 Y:01 P:A5 SP:7E CYC:251 SL:258
CE3E  E0 7E     CPX   A:69 X:7E Y:01 P:25 SP:7E CYC:257 SL:258
CE40  D0 19     BNE   A:69 X:7E Y:01 P:27 SP:7E CYC:263 SL:258
CE42  68        PLA   A:69 X:7E Y:01 P:27 SP:7E CYC:269 SL:258
CE43  68        PLA   A:39 X:7E Y:01 P:25 SP:7F CYC:281 SL:258
CE44  BA        TSX   A:CE X:7E Y:01 P:A5 SP:80 CYC:293 SL:258
CE45  E0 80     CPX   A:CE X:80 Y:01 P:A5 SP:80 CYC:299 SL:258
CE47  D0 12     BNE   A:CE X:80 Y:01 P:27 SP:80 CYC:305 SL:258
CE49  A9 00     LDA   A:CE X:80 Y:01 P:27 SP:80 CYC:311 SL:258
CE4B  20 4E CE  JSR   A:00 X:80 Y:01 P:27 SP:80 CYC:317 SL:258
CE4E  68        PLA   A:00 X:80 Y:01 P:27 SP:7E CYC:335 SL:258
CE4F  C9 4D     CMP   A:4D X:80 Y:01 P:25 SP:7F CYC:  6 SL:259
CE51  D0 08     BNE   A:4D X:80 Y:01 P:27 SP:7F CYC: 12 SL:259
CE53  68        PLA   A:4D X:80 Y:01 P:27 SP:7F CYC: 18 SL:259
CE54  C9 CE     CMP   A:CE X:80 Y:01 P:A5 SP:80 CYC: 30 SL:259
CE56  D0 03     BNE   A:CE X:80 Y:01 P:27 SP:80 CYC: 36 SL:259
CE58  4C 5F CE  JMP   A:CE X:80 Y:01 P:27 SP:80 CYC: 42 SL:259
CE5F  EA        NOP   A:CE X:80 Y:01 P:27 SP:80 CYC: 51 SL:259
CE60  A9 CE     LDA   A:CE X:80 Y:01 P:27 SP:80 CYC: 57 SL:259
CE62  48        PHA   A:CE X:80 Y:01 P:A5 SP:80 CYC: 63 SL:259
CE63  A9 66     LDA   A:CE X:80 Y:01 P:A5 SP:7F CYC: 72 SL:259
CE65  48        PHA   A:66 X:80 Y:01 P:25 SP:7F CYC: 78 SL:259
CE66  60        RTS   A:66 X:80 Y:01 P:25 SP:7E CYC: 87 SL:259
CE67  A2 77     LDX   A:66 X:80 Y:01 P:25 SP:80 CYC:105 SL:259
CE69  A0 69     LDY   A:66 X:77 Y:01 P:25 SP:80 CYC:111 SL:259
CE6B  18        CLC   A:66 X:77 Y:69 P:25 SP:80 CYC:117 SL:259
CE6C  24 01     BIT   A:66 X:77 Y:69 P:24 SP:80 CYC:123 SL:259
CE6E  A9 83     LDA   A:66 X:77 Y:69 P:E4 SP:80 CYC:132 SL:259
CE70  20 66 CE  JSR   A:83 X:77 Y:69 P:E4 SP:80 CYC:138 SL:259
CE66  60        RTS   A:83 X:77 Y:69 P:E4 SP:7E CYC:156 SL:259
CE73  F0 24     BEQ   A:83 X:77 Y:69 P:E4 SP:80 CYC:174 SL:259
CE75  10 22     BPL   A:83 X:77 Y:69 P:E4 SP:80 CYC:180 SL:259
CE77  B0 20     BCS   A:83 X:77 Y:69 P:E4 SP:80 CYC:186 SL:259
CE79  50 1E     BVC   A:83 X:77 Y:69 P:E4 SP:80 CYC:192 SL:259
CE7B  C9 83     CMP   A:83 X:77 Y:69 P:E4 SP:80 CYC:198 SL:259
CE7D  D0 1A     BNE   A:83 X:77 Y:69 P:67 SP:80 CYC:204 SL:259
CE7F  C0 69     CPY   A:83 X:77 Y:69 P:67 SP:80 CYC:210 SL:259
CE81  D0 16     BNE   A:83 X:77 Y:69 P:67 SP:80 CYC:216 SL:259
CE83  E0 77     CPX   A:83 X:77 Y:69 P:67 SP:80 CYC:222 SL:259
CE85  D0 12     BNE   A:83 X:77 Y:69 P:67 SP:80 CYC:228 SL:259
CE87  38        SEC   A:83 X:77 Y:69 P:67 SP:80 CYC:234 SL:259
CE88  B8        CLV   A:83 X:77 Y:69 P:67 SP:80 CYC:240 SL:259
CE89  A9 00     LDA   A:83 X:77 Y:69 P:27 SP:80 CYC:246 SL:259
CE8B  20 66 CE  JSR   A:00 X:77 Y:69 P:27 SP:80 CYC:252 SL:259
CE66  60        RTS   A:00 X:77 Y:69 P:27 SP:7E CYC:270 SL:259
CE8E  D0 09     BNE   A:00 X:77 Y:69 P:27 SP:80 CYC:288 SL:259
CE90  30 07     BMI   A:00 X:77 Y:69 P:27 SP:80 CYC:294 SL:259
CE92  90 05     BCC   A:00 X:77 Y:69 P:27 SP:80 CYC:300 SL:259
CE94  70 03     BVS   A:00 X:77 Y:69 P:27 SP:80 CYC:306 SL:259
CE96  4C 9D CE  JMP   A:00 X:77 Y:69 P:27 SP:80 CYC:312 SL:259
CE9D  EA        NOP   A:00 X:77 Y:69 P:27 SP:80 CYC:321 SL:259
CE9E  A9 CE     LDA   A:00 X:77 Y:69 P:27 SP:80 CYC:327 SL:259
CEA0  48        PHA   A:CE X:77 Y:69 P:A5 SP:80 CYC:333 SL:259
CEA1  A9 AE     LDA   A:CE X:77 Y:69 P:A5 SP:7F CYC:  1 SL:260
CEA3  48        PHA   A:AE X:77 Y:69 P:A5 SP:7F CYC:  7 SL:260
CEA4  A9 65     LDA   A:AE X:77 Y:69 P:A5 SP:7E CYC: 16 SL:260
CEA6  48        PHA   A:65 X:77 Y:69 P:25 SP:7E CYC: 22 SL:260
CEA7  A9 55     LDA   A:65 X:77 Y:69 P:25 SP:7D CYC: 31 SL:260
CEA9  A0 88     LDY   A:55 X:77 Y:69 P:25 SP:7D CYC: 37 SL:260
CEAB  A2 99     LDX   A:55 X:77 Y:88 P:A5 SP:7D CYC: 43 SL:260
CEAD  40        RTI   A:55 X:99 Y:88 P:A5 SP:7D CYC: 49 SL:260
CEAE  30 35     BMI   A:55 X:99 Y:88 P:65 SP:80 CYC: 67 SL:260
CEB0  50 33     BVC   A:55 X:99 Y:88 P:65 SP:80 CYC: 73 SL:260
CEB2  F0 31     BEQ   A:55 X:99 Y:88 P:65 SP:80 CYC: 79 SL:260
CEB4  90 2F     BCC   A:55 X:99 Y:88 P:65 SP:80 CYC: 85 SL:260
CEB6  C9 55     CMP   A:55 X:99 Y:88 P:65 SP:80 CYC: 91 SL:260
CEB8  D0 2B     BNE   A:55 X:99 Y:88 P:67 SP:80 CYC: 97 SL:260
CEBA  C0 88     CPY   A:55 X:99 Y:88 P:67 SP:80 CYC:103 SL:260
CEBC  D0 27     BNE   A:55 X:99 Y:88 P:67 SP:80 CYC:109 SL:260
CEBE  E0 99     CPX   A:55 X:99 Y:88 P:67 SP:80 CYC:115 SL:260
CEC0  D0 23     BNE   A:55 X:99 Y:88 P:67 SP:80 CYC:121 SL:260
CEC2  A9 CE     LDA   A:55 X:99 Y:88 P:67 SP:80 CYC:127 SL:260
CEC4  48        PHA   A:CE X:99 Y:88 P:E5 SP:80 CYC:133 SL:260
CEC5  A9 CE     LDA   A:CE X:99 Y:88 P:E5 SP:7F CYC:142 SL:260
CEC7  48        PHA   A:CE X:99 Y:88 P:E5 SP:7F CYC:148 SL:260
CEC8  A9 87     LDA   A:CE X:99 Y:88 P:E5 SP:7E CYC:157 SL:260
CECA  48        PHA   A:87 X:99 Y:88 P:E5 SP:7E CYC:163 SL:260
CECB  A9 55     LDA   A:87 X:99 Y:88 P:E5 SP:7D CYC:172 SL:260
CECD  40        RTI   A:55 X:99 Y:88 P:65 SP:7D CYC:178 SL:260
CECE  10 15     BPL   A:55 X:99 Y:88 P:A7 SP:80 CYC:196 SL:260
CED0  70 13     BVS   A:55 X:99 Y:88 P:A7 SP:80 CYC:202 SL:260
CED2  D0 11     BNE   A:55 X:99 Y:88 P:A7 SP:80 CYC:208 SL:260
CED4  90 0F     BCC   A:55 X:99 Y:88 P:A7 SP:80 CYC:214 SL:260
CED6  C9 55     CMP   A:55 X:99 Y:88 P:A7 SP:80 CYC:220 SL:260
CED8  D0 0B     BNE   A:55 X:99 Y:88 P:27 SP:80 CYC:226 SL:260
CEDA  C0 88     CPY   A:55 X:99 Y:88 P:27 SP:80 CYC:232 SL:260
CEDC  D0 07     BNE   A:55 X:99 Y:88 P:27 SP:80 CYC:238 SL:260
CEDE  E0 99     CPX   A:55 X:99 Y:88 P:27 SP:80 CYC:244 SL:260
CEE0  D0 03     BNE   A:55 X:99 Y:88 P:27 SP:80 CYC:250 SL:260
CEE2  4C E9 CE  JMP   A:55 X:99 Y:88 P:27 SP:80 CYC:256 SL:260
CEE9  AE FF 07  LDX   A:55 X:99 Y:88 P:27 SP:80 CYC:265 SL:260
CEEC  9A        TXS   A:55 X:FB Y:88 P:A5 SP:80 CYC:277 SL:260
CEED  60        RTS   A:55 X:FB Y:88 P:A5 SP:FB CYC:283 SL:260
C60C  20 EE CE  JSR   A:55 X:FB Y:88 P:A5 SP:FD CYC:301 SL:260
CEEE  A2 55     LDX   A:55 X:FB Y:88 P:A5 SP:FB CYC:319 SL:260
CEF0  A0 69     LDY   A:55 X:55 Y:88 P:25 SP:FB CYC:325 SL:260
CEF2  A9 FF     LDA   A:55 X:55 Y:69 P:25 SP:FB CYC:331 SL:260
CEF4  85 01     STA   A:FF X:55 Y:69 P:A5 SP:FB CYC:337 SL:260
CEF6  EA        NOP   A:FF X:55 Y:69 P:A5 SP:FB CYC:  5 SL:-1
CEF7  24 01     BIT   A:FF X:55 Y:69 P:A5 SP:FB CYC: 11 SL:-1
CEF9  38        SEC   A:FF X:55 Y:69 P:E5 SP:FB CYC: 20 SL:-1
CEFA  A9 01     LDA   A:FF X:55 Y:69 P:E5 SP:FB CYC: 26 SL:-1
CEFC  4A        LSR   A:01 X:55 Y:69 P:65 SP:FB CYC: 32 SL:-1
CEFD  90 1D     BCC   A:00 X:55 Y:69 P:67 SP:FB CYC: 38 SL:-1
CEFF  D0 1B     BNE   A:00 X:55 Y:69 P:67 SP:FB CYC: 44 SL:-1
CF01  30 19     BMI   A:00 X:55 Y:69 P:67 SP:FB CYC: 50 SL:-1
CF03  50 17     BVC   A:00 X:55 Y:69 P:67 SP:FB CYC: 56 SL:-1
CF05  C9 00     CMP   A:00 X:55 Y:69 P:67 SP:FB CYC: 62 SL:-1
CF07  D0 13     BNE   A:00 X:55 Y:69 P:67 SP:FB CYC: 68 SL:-1
CF09  B8        CLV   A:00 X:55 Y:69 P:67 SP:FB CYC: 74 SL:-1
CF0A  A9 AA     LDA   A:00 X:55 Y:69 P:27 SP:FB CYC: 80 SL:-1
CF0C  4A        LSR   A:AA X:55 Y:69 P:A5 SP:FB CYC: 86 SL:-1
CF0D  B0 0D     BCS   A:55 X:55 Y:69 P:24 SP:FB CYC: 92 SL:-1
CF0F  F0 0B     BEQ   A:55 X:55 Y:69 P:24 SP:FB CYC: 98 SL:-1
CF11  30 09     BMI   A:55 X:55 Y:69 P:24 SP:FB CYC:104 SL:-1
CF13  70 07     BVS   A:55 X:55 Y:69 P:24 SP:FB CYC:110 SL:-1
CF15  C9 55     CMP   A:55 X:55 Y:69 P:24 SP:FB CYC:116 SL:-1
CF17  D0 03     BNE   A:55 X:55 Y:69 P:27 SP:FB CYC:122 SL:-1
CF19  4C 20 CF  JMP   A:55 X:55 Y:69 P:27 SP:FB CYC:128 SL:-1
CF20  EA        NOP   A:55 X:55 Y:69 P:27 SP:FB CYC:137 SL:-1
CF21  24 01     BIT   A:55 X:55 Y:69 P:27 SP:FB CYC:143 SL:-1
CF23  38        SEC   A:55 X:55 Y:69 P:E5 SP:FB CYC:152 SL:-1
CF24  A9 80     LDA   A:55 X:55 Y:69 P:E5 SP:FB CYC:158 SL:-1
CF26  0A        ASL   A:80 X:55 Y:69 P:E5 SP:FB CYC:164 SL:-1
CF27  90 1E     BCC   A:00 X:55 Y:69 P:67 SP:FB CYC:170 SL:-1
CF29  D0 1C     BNE   A:00 X:55 Y:69 P:67 SP:FB CYC:176 SL:-1
CF2B  30 1A     BMI   A:00 X:55 Y:69 P:67 SP:FB CYC:182 SL:-1
